2022-06-12 10:05:53.7745 INFO Start Read PLC Service!
2022-06-12 10:05:54.5730 ERROR Error while init PLC driver. The underlying provider failed on Open.
2022-06-12 10:05:54.5730 ERROR The underlying provider failed on Open.
2022-06-12 10:06:49.1762 INFO Stop Read PLC Service!
2022-06-12 10:06:49.1762 ERROR Error while notify service stopped. The underlying provider failed on Open.
2022-06-12 10:07:04.1286 INFO Start Read PLC Service!
2022-06-12 10:07:05.8400 INFO Finish init PLC Service!
2022-06-12 10:07:05.8920 ERROR Error while notify service stopped. Invalid URI: The hostname could not be parsed.
2022-06-12 10:07:05.8920 INFO Get parameters value!
2022-06-12 10:07:05.8920 INFO Reading PLC Data
2022-06-12 10:07:05.9670 INFO Connected to PLC
2022-06-12 10:07:06.0691 INFO Upstream_Cal 632.68
2022-06-12 10:07:06.0845 INFO Upstream 633.31 - Downstream 604.14 - H1_MW 0.8 - H2_MW 0.81 - H3_MW 0
2022-06-12 10:07:06.0845 INFO Upstream_Cal 632.68
2022-06-12 10:07:06.1005 INFO Upstream 633.31 - Downstream 604.14 - H1_MW 0.8 - H2_MW 0.81 - H3_MW 0
2022-06-12 10:07:06.2354 INFO Insert data {"ID":0,"Time":"10:07:06","Date":"2022-06-12T10:07:06.1025646+07:00","UpstreamWaterLevel_m":633.31,"DownstreamWaterLevel_m":604.14,"Qve_Ho":135.99,"Qoverflow":0.0,"QcmH1H2H3":6.69,"Qminflow":1.06,"Qve_Hadu":7.75,"Drain_Level1":0.05,"Qve_HoDB":4.69,"Reserve_Water":0.02,"Qminflow_TT":1.06,"H1_MW":0.8,"H2_MW":0.81,"H3_MW":0.0,"QcmH1":3.36,"QcmH2":3.33,"QcmH3":0.0,"DeltaQsb":0.0,"IsPushedToTNMT":null,"IsPushedToBitexco":null,"IsSync":null,"Minutes":"7","Qve_TT":0.0,"Qve_TB":0.0,"UpstreamWaterLevel_Cal":632.68}
2022-06-12 10:07:06.3024 INFO Inserted new measurement data in server!
2022-06-12 10:07:11.3553 INFO Upstream_Cal 632.68
2022-06-12 10:07:11.3725 INFO Upstream 633.31 - Downstream 604.14 - H1_MW 0.79 - H2_MW 0.82 - H3_MW 0
2022-06-12 10:07:16.4680 INFO Upstream_Cal 632.68
2022-06-12 10:07:16.4680 INFO Upstream 633.3 - Downstream 604.14 - H1_MW 0.79 - H2_MW 0.82 - H3_MW 0
2022-06-12 10:07:21.5578 INFO Upstream_Cal 632.68
2022-06-12 10:07:21.5788 INFO Upstream 633.31 - Downstream 604.14 - H1_MW 0.8 - H2_MW 0.82 - H3_MW 0
2022-06-12 10:07:26.6691 INFO Upstream_Cal 632.68
2022-06-12 10:07:26.6790 INFO Upstream 633.31 - Downstream 604.14 - H1_MW 0.79 - H2_MW 0.81 - H3_MW 0
2022-06-12 10:07:31.7783 INFO Upstream_Cal 632.68
2022-06-12 10:07:31.7884 INFO Upstream 633.31 - Downstream 604.14 - H1_MW 0.79 - H2_MW 0.81 - H3_MW 0
2022-06-12 10:07:36.8720 INFO Upstream_Cal 632.68
2022-06-12 10:07:36.8830 INFO Upstream 633.31 - Downstream 604.14 - H1_MW 0.8 - H2_MW 0.81 - H3_MW 0
2022-06-12 10:07:41.9751 INFO Upstream_Cal 632.68
2022-06-12 10:07:41.9861 INFO Upstream 633.31 - Downstream 604.14 - H1_MW 0.79 - H2_MW 0.81 - H3_MW 0
2022-06-12 10:07:47.0665 INFO Upstream_Cal 632.68
2022-06-12 10:07:47.0665 INFO Upstream 633.31 - Downstream 604.14 - H1_MW 0.79 - H2_MW 0.81 - H3_MW 0
2022-06-12 10:07:52.1662 INFO Upstream_Cal 632.68
2022-06-12 10:07:52.1792 INFO Upstream 633.31 - Downstream 604.14 - H1_MW 0.8 - H2_MW 0.81 - H3_MW 0
2022-06-12 10:07:57.2587 INFO Upstream_Cal 632.68
2022-06-12 10:07:57.2688 INFO Upstream 633.31 - Downstream 604.14 - H1_MW 0.8 - H2_MW 0.81 - H3_MW 0
2022-06-12 10:08:02.3491 INFO Upstream_Cal 632.68
2022-06-12 10:08:02.3671 INFO Upstream 633.31 - Downstream 604.15 - H1_MW 0.79 - H2_MW 0.82 - H3_MW 0
2022-06-12 10:08:06.3285 INFO Reading PLC Data
2022-06-12 10:08:06.4042 INFO Upstream_Cal 632.68
2022-06-12 10:08:06.4142 INFO Upstream 633.31 - Downstream 604.15 - H1_MW 0.79 - H2_MW 0.82 - H3_MW 0
2022-06-12 10:08:06.4142 INFO Insert data {"ID":0,"Time":"10:08:06","Date":"2022-06-12T10:08:06.4152596+07:00","UpstreamWaterLevel_m":633.31,"DownstreamWaterLevel_m":604.15,"Qve_Ho":135.99,"Qoverflow":0.0,"QcmH1H2H3":6.69,"Qminflow":1.06,"Qve_Hadu":7.75,"Drain_Level1":0.05,"Qve_HoDB":4.69,"Reserve_Water":0.02,"Qminflow_TT":1.06,"H1_MW":0.79,"H2_MW":0.82,"H3_MW":0.0,"QcmH1":3.32,"QcmH2":3.37,"QcmH3":0.0,"DeltaQsb":0.0,"IsPushedToTNMT":null,"IsPushedToBitexco":null,"IsSync":null,"Minutes":"8","Qve_TT":0.0,"Qve_TB":0.0,"UpstreamWaterLevel_Cal":632.68}
2022-06-12 10:08:06.4253 INFO Inserted new measurement data in server!
2022-06-12 10:08:07.4479 INFO Upstream_Cal 632.68
2022-06-12 10:08:07.4569 INFO Upstream 633.31 - Downstream 604.14 - H1_MW 0.79 - H2_MW 0.82 - H3_MW 0
2022-06-12 10:08:12.5382 INFO Upstream_Cal 632.68
2022-06-12 10:08:12.5473 INFO Upstream 633.31 - Downstream 604.14 - H1_MW 0.8 - H2_MW 0.81 - H3_MW 0
2022-06-12 10:08:17.6334 INFO Upstream_Cal 632.68
2022-06-12 10:08:17.6435 INFO Upstream 633.3 - Downstream 604.14 - H1_MW 0.8 - H2_MW 0.82 - H3_MW 0
2022-06-12 10:08:22.7292 INFO Upstream_Cal 632.68
2022-06-12 10:08:22.7402 INFO Upstream 633.31 - Downstream 604.15 - H1_MW 0.8 - H2_MW 0.82 - H3_MW 0
2022-06-12 10:08:27.8196 INFO Upstream_Cal 632.68
2022-06-12 10:08:27.8309 INFO Upstream 633.31 - Downstream 604.14 - H1_MW 0.79 - H2_MW 0.82 - H3_MW 0
2022-06-12 10:08:32.9171 INFO Upstream_Cal 632.68
2022-06-12 10:08:32.9261 INFO Upstream 633.31 - Downstream 604.14 - H1_MW 0.8 - H2_MW 0.81 - H3_MW 0
2022-06-12 10:08:38.0053 INFO Upstream_Cal 632.68
2022-06-12 10:08:38.0165 INFO Upstream 633.31 - Downstream 604.15 - H1_MW 0.8 - H2_MW 0.82 - H3_MW 0
2022-06-12 10:08:43.1075 INFO Upstream_Cal 632.68
2022-06-12 10:08:43.1176 INFO Upstream 633.31 - Downstream 604.14 - H1_MW 0.8 - H2_MW 0.82 - H3_MW 0
2022-06-12 10:08:48.2125 INFO Upstream_Cal 632.68
2022-06-12 10:08:48.2257 INFO Upstream 633.31 - Downstream 604.14 - H1_MW 0.78 - H2_MW 0.82 - H3_MW 0
2022-06-12 10:08:53.3002 INFO Upstream_Cal 632.68
2022-06-12 10:08:53.3002 INFO Upstream 633.31 - Downstream 604.14 - H1_MW 0.79 - H2_MW 0.81 - H3_MW 0
2022-06-12 10:08:58.4043 INFO Upstream_Cal 632.68
2022-06-12 10:08:58.4144 INFO Upstream 633.31 - Downstream 604.14 - H1_MW 0.79 - H2_MW 0.82 - H3_MW 0
2022-06-12 10:09:03.4944 INFO Upstream_Cal 632.68
2022-06-12 10:09:03.5056 INFO Upstream 633.31 - Downstream 604.14 - H1_MW 0.8 - H2_MW 0.82 - H3_MW 0
2022-06-12 10:09:06.4355 INFO Reading PLC Data
2022-06-12 10:09:06.5265 INFO Upstream_Cal 632.68
2022-06-12 10:09:06.5345 INFO Upstream 633.31 - Downstream 604.14 - H1_MW 0.79 - H2_MW 0.82 - H3_MW 0
2022-06-12 10:09:06.5345 INFO Insert data {"ID":0,"Time":"10:09:06","Date":"2022-06-12T10:09:06.5345301+07:00","UpstreamWaterLevel_m":633.31,"DownstreamWaterLevel_m":604.14,"Qve_Ho":135.99,"Qoverflow":0.0,"QcmH1H2H3":6.69,"Qminflow":1.06,"Qve_Hadu":7.75,"Drain_Level1":0.05,"Qve_HoDB":4.69,"Reserve_Water":0.02,"Qminflow_TT":1.06,"H1_MW":0.79,"H2_MW":0.82,"H3_MW":0.0,"QcmH1":3.32,"QcmH2":3.37,"QcmH3":0.0,"DeltaQsb":0.0,"IsPushedToTNMT":null,"IsPushedToBitexco":null,"IsSync":null,"Minutes":"9","Qve_TT":0.0,"Qve_TB":0.0,"UpstreamWaterLevel_Cal":632.68}
2022-06-12 10:09:06.5345 INFO Inserted new measurement data in server!
2022-06-12 10:09:08.6078 INFO Upstream_Cal 632.68
2022-06-12 10:09:08.6078 INFO Upstream 633.31 - Downstream 604.14 - H1_MW 0.79 - H2_MW 0.82 - H3_MW 0
2022-06-12 10:09:13.7011 INFO Upstream_Cal 632.68
2022-06-12 10:09:13.7121 INFO Upstream 633.31 - Downstream 604.14 - H1_MW 0.8 - H2_MW 0.82 - H3_MW 0
2022-06-12 10:09:18.7972 INFO Upstream_Cal 632.68
2022-06-12 10:09:18.7972 INFO Upstream 633.31 - Downstream 604.14 - H1_MW 0.79 - H2_MW 0.82 - H3_MW 0
2022-06-12 10:09:23.8860 INFO Upstream_Cal 632.68
2022-06-12 10:09:23.8960 INFO Upstream 633.31 - Downstream 604.14 - H1_MW 0.8 - H2_MW 0.82 - H3_MW 0
2022-06-12 10:09:28.9911 INFO Upstream_Cal 632.68
2022-06-12 10:09:29.0012 INFO Upstream 633.31 - Downstream 604.15 - H1_MW 0.79 - H2_MW 0.82 - H3_MW 0
2022-06-12 10:09:34.0861 INFO Upstream_Cal 632.68
2022-06-12 10:09:34.0951 INFO Upstream 633.31 - Downstream 604.14 - H1_MW 0.8 - H2_MW 0.82 - H3_MW 0
2022-06-12 10:09:39.1805 INFO Upstream_Cal 632.68
2022-06-12 10:09:39.1915 INFO Upstream 633.31 - Downstream 604.14 - H1_MW 0.79 - H2_MW 0.82 - H3_MW 0
2022-06-12 10:09:44.2685 INFO Upstream_Cal 632.68
2022-06-12 10:09:44.2685 INFO Upstream 633.31 - Downstream 604.15 - H1_MW 0.81 - H2_MW 0.82 - H3_MW 0
2022-06-12 10:09:49.3609 INFO Upstream_Cal 632.69
2022-06-12 10:09:49.3749 INFO Upstream 633.31 - Downstream 604.15 - H1_MW 0.8 - H2_MW 0.82 - H3_MW 0
2022-06-12 10:09:54.4507 INFO Upstream_Cal 632.68
2022-06-12 10:09:54.4608 INFO Upstream 633.31 - Downstream 604.14 - H1_MW 0.81 - H2_MW 0.82 - H3_MW 0
2022-06-12 10:09:59.5360 INFO Upstream_Cal 632.69
2022-06-12 10:09:59.5460 INFO Upstream 633.31 - Downstream 604.14 - H1_MW 0.8 - H2_MW 0.82 - H3_MW 0
2022-06-12 10:10:04.6217 INFO Upstream_Cal 632.69
2022-06-12 10:10:04.6339 INFO Upstream 633.31 - Downstream 604.14 - H1_MW 0.79 - H2_MW 0.82 - H3_MW 0
2022-06-12 10:10:06.5499 INFO Reading PLC Data
2022-06-12 10:10:06.6168 INFO Upstream_Cal 632.69
2022-06-12 10:10:06.6288 INFO Upstream 633.31 - Downstream 604.15 - H1_MW 0.8 - H2_MW 0.82 - H3_MW 0
2022-06-12 10:10:06.6288 INFO Insert data {"ID":0,"Time":"10:10:06","Date":"2022-06-12T10:10:06.6288183+07:00","UpstreamWaterLevel_m":633.31,"DownstreamWaterLevel_m":604.15,"Qve_Ho":135.99,"Qoverflow":0.0,"QcmH1H2H3":6.73,"Qminflow":1.06,"Qve_Hadu":7.79,"Drain_Level1":0.05,"Qve_HoDB":4.69,"Reserve_Water":0.021,"Qminflow_TT":1.06,"H1_MW":0.8,"H2_MW":0.82,"H3_MW":0.0,"QcmH1":3.36,"QcmH2":3.37,"QcmH3":0.0,"DeltaQsb":0.0,"IsPushedToTNMT":null,"IsPushedToBitexco":null,"IsSync":null,"Minutes":"10","Qve_TT":0.0,"Qve_TB":0.0,"UpstreamWaterLevel_Cal":632.69}
2022-06-12 10:10:06.6288 INFO Inserted new measurement data in server!
2022-06-12 10:10:09.7115 INFO Upstream_Cal 632.69
2022-06-12 10:10:09.7218 INFO Upstream 633.32 - Downstream 604.14 - H1_MW 0.8 - H2_MW 0.82 - H3_MW 0
2022-06-12 10:10:14.8178 INFO Upstream_Cal 632.69
2022-06-12 10:10:14.8178 INFO Upstream 633.32 - Downstream 604.15 - H1_MW 0.8 - H2_MW 0.82 - H3_MW 0
2022-06-12 10:10:19.9050 INFO Upstream_Cal 632.69
2022-06-12 10:10:19.9050 INFO Upstream 633.31 - Downstream 604.15 - H1_MW 0.8 - H2_MW 0.82 - H3_MW 0
2022-06-12 10:10:25.0068 INFO Upstream_Cal 632.69
2022-06-12 10:10:25.0168 INFO Upstream 633.31 - Downstream 604.14 - H1_MW 0.77 - H2_MW 0.82 - H3_MW 0
2022-06-12 10:10:30.0905 INFO Upstream_Cal 632.69
2022-06-12 10:10:30.1007 INFO Upstream 633.32 - Downstream 604.15 - H1_MW 0.8 - H2_MW 0.82 - H3_MW 0
2022-06-12 10:10:35.1951 INFO Upstream_Cal 632.69
2022-06-12 10:10:35.2061 INFO Upstream 633.31 - Downstream 604.15 - H1_MW 0.8 - H2_MW 0.82 - H3_MW 0
2022-06-12 10:10:40.2879 INFO Upstream_Cal 632.69
2022-06-12 10:10:40.2980 INFO Upstream 633.31 - Downstream 604.14 - H1_MW 0.8 - H2_MW 0.82 - H3_MW 0
2022-06-12 10:10:45.3958 INFO Upstream_Cal 632.69
2022-06-12 10:10:45.4058 INFO Upstream 633.31 - Downstream 604.15 - H1_MW 0.8 - H2_MW 0.82 - H3_MW 0
2022-06-12 10:10:50.4958 INFO Upstream_Cal 632.68
2022-06-12 10:10:50.5059 INFO Upstream 633.31 - Downstream 604.14 - H1_MW 0.79 - H2_MW 0.82 - H3_MW 0
2022-06-12 10:10:55.6020 INFO Upstream_Cal 632.69
2022-06-12 10:10:55.6121 INFO Upstream 633.31 - Downstream 604.14 - H1_MW 0.79 - H2_MW 0.82 - H3_MW 0
2022-06-12 10:11:00.6938 INFO Upstream_Cal 632.69
2022-06-12 10:11:00.7048 INFO Upstream 633.32 - Downstream 604.14 - H1_MW 0.81 - H2_MW 0.82 - H3_MW 0
2022-06-12 10:11:05.7925 INFO Upstream_Cal 632.68
2022-06-12 10:11:05.8016 INFO Upstream 633.31 - Downstream 604.14 - H1_MW 0.79 - H2_MW 0.82 - H3_MW 0
2022-06-12 10:11:06.6523 INFO Reading PLC Data
2022-06-12 10:11:06.7138 INFO Upstream_Cal 632.68
2022-06-12 10:11:06.7248 INFO Upstream 633.31 - Downstream 604.14 - H1_MW 0.79 - H2_MW 0.82 - H3_MW 0
2022-06-12 10:11:06.7248 INFO Insert data {"ID":0,"Time":"10:11:06","Date":"2022-06-12T10:11:06.7248346+07:00","UpstreamWaterLevel_m":633.31,"DownstreamWaterLevel_m":604.14,"Qve_Ho":135.99,"Qoverflow":0.0,"QcmH1H2H3":6.69,"Qminflow":1.06,"Qve_Hadu":7.75,"Drain_Level1":0.05,"Qve_HoDB":4.69,"Reserve_Water":0.02,"Qminflow_TT":1.06,"H1_MW":0.79,"H2_MW":0.82,"H3_MW":0.0,"QcmH1":3.32,"QcmH2":3.37,"QcmH3":0.0,"DeltaQsb":0.0,"IsPushedToTNMT":null,"IsPushedToBitexco":null,"IsSync":null,"Minutes":"11","Qve_TT":0.0,"Qve_TB":0.0,"UpstreamWaterLevel_Cal":632.68}
2022-06-12 10:11:06.7358 INFO Inserted new measurement data in server!
2022-06-12 10:11:10.8857 INFO Upstream_Cal 632.68
2022-06-12 10:11:10.8946 INFO Upstream 633.31 - Downstream 604.15 - H1_MW 0.8 - H2_MW 0.82 - H3_MW 0
2022-06-12 10:11:15.9975 INFO Upstream_Cal 632.68
2022-06-12 10:11:16.0077 INFO Upstream 633.31 - Downstream 604.14 - H1_MW 0.8 - H2_MW 0.82 - H3_MW 0
2022-06-12 10:11:21.0855 INFO Upstream_Cal 632.69
2022-06-12 10:11:21.0956 INFO Upstream 633.31 - Downstream 604.14 - H1_MW 0.79 - H2_MW 0.82 - H3_MW 0
2022-06-12 10:11:26.1924 INFO Upstream_Cal 632.68
2022-06-12 10:11:26.2044 INFO Upstream 633.31 - Downstream 604.14 - H1_MW 0.8 - H2_MW 0.82 - H3_MW 0
2022-06-12 10:11:31.2907 INFO Upstream_Cal 632.68
2022-06-12 10:11:31.2987 INFO Upstream 633.31 - Downstream 604.14 - H1_MW 0.79 - H2_MW 0.82 - H3_MW 0
2022-06-12 10:11:36.3849 INFO Upstream_Cal 632.68
2022-06-12 10:11:36.3959 INFO Upstream 633.31 - Downstream 604.14 - H1_MW 0.8 - H2_MW 0.82 - H3_MW 0
2022-06-12 10:11:41.4812 INFO Upstream_Cal 632.68
2022-06-12 10:11:41.4903 INFO Upstream 633.31 - Downstream 604.14 - H1_MW 0.78 - H2_MW 0.82 - H3_MW 0
2022-06-12 10:11:46.5867 INFO Upstream_Cal 632.68
2022-06-12 10:11:46.5968 INFO Upstream 633.31 - Downstream 604.14 - H1_MW 0.81 - H2_MW 0.82 - H3_MW 0
2022-06-12 10:11:51.6868 INFO Upstream_Cal 632.68
2022-06-12 10:11:51.6868 INFO Upstream 633.31 - Downstream 604.15 - H1_MW 0.8 - H2_MW 0.82 - H3_MW 0
2022-06-12 10:11:56.7924 INFO Upstream_Cal 632.68
2022-06-12 10:11:56.8024 INFO Upstream 633.31 - Downstream 604.14 - H1_MW 0.8 - H2_MW 0.82 - H3_MW 0
2022-06-12 10:12:01.8817 INFO Upstream_Cal 632.68
2022-06-12 10:12:01.8909 INFO Upstream 633.31 - Downstream 604.14 - H1_MW 0.79 - H2_MW 0.82 - H3_MW 0
2022-06-12 10:12:06.7406 INFO Reading PLC Data
2022-06-12 10:12:06.8101 INFO Upstream_Cal 632.69
2022-06-12 10:12:06.8230 INFO Upstream 633.31 - Downstream 604.15 - H1_MW 0.8 - H2_MW 0.82 - H3_MW 0
2022-06-12 10:12:06.8230 INFO Insert data {"ID":0,"Time":"10:12:06","Date":"2022-06-12T10:12:06.8230948+07:00","UpstreamWaterLevel_m":633.31,"DownstreamWaterLevel_m":604.15,"Qve_Ho":135.99,"Qoverflow":0.0,"QcmH1H2H3":6.73,"Qminflow":1.06,"Qve_Hadu":7.79,"Drain_Level1":0.05,"Qve_HoDB":4.69,"Reserve_Water":0.021,"Qminflow_TT":1.06,"H1_MW":0.8,"H2_MW":0.82,"H3_MW":0.0,"QcmH1":3.36,"QcmH2":3.37,"QcmH3":0.0,"DeltaQsb":0.0,"IsPushedToTNMT":null,"IsPushedToBitexco":null,"IsSync":null,"Minutes":"12","Qve_TT":0.0,"Qve_TB":0.0,"UpstreamWaterLevel_Cal":632.69}
2022-06-12 10:12:06.8330 INFO Inserted new measurement data in server!
2022-06-12 10:12:06.9789 INFO Upstream_Cal 632.69
2022-06-12 10:12:06.9889 INFO Upstream 633.31 - Downstream 604.15 - H1_MW 0.8 - H2_MW 0.82 - H3_MW 0
2022-06-12 10:12:12.0725 INFO Upstream_Cal 632.69
2022-06-12 10:12:12.0785 INFO Upstream 633.31 - Downstream 604.14 - H1_MW 0.8 - H2_MW 0.82 - H3_MW 0
2022-06-12 10:12:17.1664 INFO Upstream_Cal 632.68
2022-06-12 10:12:17.1836 INFO Upstream 633.31 - Downstream 604.14 - H1_MW 0.8 - H2_MW 0.82 - H3_MW 0
2022-06-12 10:12:22.2575 INFO Upstream_Cal 632.68
2022-06-12 10:12:22.2696 INFO Upstream 633.31 - Downstream 604.14 - H1_MW 0.8 - H2_MW 0.82 - H3_MW 0
2022-06-12 10:12:27.3955 INFO Upstream_Cal 632.68
2022-06-12 10:12:27.4056 INFO Upstream 633.31 - Downstream 604.15 - H1_MW 0.79 - H2_MW 0.82 - H3_MW 0
2022-06-12 10:12:32.4849 INFO Upstream_Cal 632.68
2022-06-12 10:12:32.4849 INFO Upstream 633.31 - Downstream 604.14 - H1_MW 0.78 - H2_MW 0.81 - H3_MW 0
2022-06-12 10:12:37.5907 INFO Upstream_Cal 632.69
2022-06-12 10:12:37.6007 INFO Upstream 633.32 - Downstream 604.14 - H1_MW 0.81 - H2_MW 0.82 - H3_MW 0
2022-06-12 10:12:42.6862 INFO Upstream_Cal 632.68
2022-06-12 10:12:42.6862 INFO Upstream 633.31 - Downstream 604.14 - H1_MW 0.8 - H2_MW 0.82 - H3_MW 0
2022-06-12 10:12:47.7969 INFO Upstream_Cal 632.68
2022-06-12 10:12:47.7969 INFO Upstream 633.31 - Downstream 604.15 - H1_MW 0.81 - H2_MW 0.82 - H3_MW 0
2022-06-12 10:12:52.8926 INFO Upstream_Cal 632.69
2022-06-12 10:12:52.8926 INFO Upstream 633.32 - Downstream 604.14 - H1_MW 0.8 - H2_MW 0.82 - H3_MW 0
2022-06-12 10:12:57.9985 INFO Upstream_Cal 632.69
2022-06-12 10:12:57.9985 INFO Upstream 633.32 - Downstream 604.14 - H1_MW 0.78 - H2_MW 0.82 - H3_MW 0
2022-06-12 10:13:03.0846 INFO Upstream_Cal 632.69
2022-06-12 10:13:03.0958 INFO Upstream 633.31 - Downstream 604.14 - H1_MW 0.79 - H2_MW 0.82 - H3_MW 0
2022-06-12 10:13:06.8530 INFO Reading PLC Data
2022-06-12 10:13:06.9153 INFO Upstream_Cal 632.68
2022-06-12 10:13:06.9254 INFO Upstream 633.31 - Downstream 604.15 - H1_MW 0.8 - H2_MW 0.82 - H3_MW 0
2022-06-12 10:13:06.9254 INFO Insert data {"ID":0,"Time":"10:13:06","Date":"2022-06-12T10:13:06.92542+07:00","UpstreamWaterLevel_m":633.31,"DownstreamWaterLevel_m":604.15,"Qve_Ho":135.99,"Qoverflow":0.0,"QcmH1H2H3":6.73,"Qminflow":1.06,"Qve_Hadu":7.79,"Drain_Level1":0.05,"Qve_HoDB":4.69,"Reserve_Water":0.02,"Qminflow_TT":1.06,"H1_MW":0.8,"H2_MW":0.82,"H3_MW":0.0,"QcmH1":3.36,"QcmH2":3.37,"QcmH3":0.0,"DeltaQsb":0.0,"IsPushedToTNMT":null,"IsPushedToBitexco":null,"IsSync":null,"Minutes":"13","Qve_TT":0.0,"Qve_TB":0.0,"UpstreamWaterLevel_Cal":632.68}
2022-06-12 10:13:06.9424 INFO Inserted new measurement data in server!
2022-06-12 10:13:08.2019 INFO Upstream_Cal 632.68
2022-06-12 10:13:08.2019 INFO Upstream 633.31 - Downstream 604.15 - H1_MW 0.8 - H2_MW 0.82 - H3_MW 0
2022-06-12 10:13:13.2984 INFO Upstream_Cal 632.69
2022-06-12 10:13:13.2984 INFO Upstream 633.31 - Downstream 604.14 - H1_MW 0.79 - H2_MW 0.82 - H3_MW 0
2022-06-12 10:13:18.3955 INFO Upstream_Cal 632.69
2022-06-12 10:13:18.4056 INFO Upstream 633.31 - Downstream 604.14 - H1_MW 0.8 - H2_MW 0.82 - H3_MW 0
2022-06-12 10:13:23.4951 INFO Upstream_Cal 632.68
2022-06-12 10:13:23.5071 INFO Upstream 633.31 - Downstream 604.14 - H1_MW 0.8 - H2_MW 0.82 - H3_MW 0
2022-06-12 10:13:28.6091 INFO Upstream_Cal 632.68
2022-06-12 10:13:28.6091 INFO Upstream 633.31 - Downstream 604.15 - H1_MW 0.8 - H2_MW 0.82 - H3_MW 0
2022-06-12 10:13:33.6969 INFO Upstream_Cal 632.68
2022-06-12 10:13:33.7059 INFO Upstream 633.31 - Downstream 604.14 - H1_MW 0.79 - H2_MW 0.82 - H3_MW 0
2022-06-12 10:13:38.8020 INFO Upstream_Cal 632.68
2022-06-12 10:13:38.8120 INFO Upstream 633.31 - Downstream 604.14 - H1_MW 0.79 - H2_MW 0.82 - H3_MW 0
2022-06-12 10:13:43.9079 INFO Upstream_Cal 632.68
2022-06-12 10:13:43.9079 INFO Upstream 633.31 - Downstream 604.14 - H1_MW 0.8 - H2_MW 0.82 - H3_MW 0
2022-06-12 10:13:49.0218 INFO Upstream_Cal 632.68
2022-06-12 10:13:49.0319 INFO Upstream 633.31 - Downstream 604.14 - H1_MW 0.8 - H2_MW 0.82 - H3_MW 0
2022-06-12 10:13:54.1158 INFO Upstream_Cal 632.68
2022-06-12 10:13:54.1249 INFO Upstream 633.31 - Downstream 604.15 - H1_MW 0.79 - H2_MW 0.82 - H3_MW 0
2022-06-12 10:13:59.2285 INFO Upstream_Cal 632.68
2022-06-12 10:13:59.2375 INFO Upstream 633.31 - Downstream 604.15 - H1_MW 0.8 - H2_MW 0.82 - H3_MW 0
2022-06-12 10:14:04.3185 INFO Upstream_Cal 632.68
2022-06-12 10:14:04.3275 INFO Upstream 633.31 - Downstream 604.14 - H1_MW 0.8 - H2_MW 0.82 - H3_MW 0
2022-06-12 10:14:06.9496 INFO Reading PLC Data
2022-06-12 10:14:07.0225 INFO Upstream_Cal 632.69
2022-06-12 10:14:07.0335 INFO Upstream 633.31 - Downstream 604.15 - H1_MW 0.8 - H2_MW 0.82 - H3_MW 0
2022-06-12 10:14:07.0335 INFO Insert data {"ID":0,"Time":"10:14:07","Date":"2022-06-12T10:14:07.0335684+07:00","UpstreamWaterLevel_m":633.31,"DownstreamWaterLevel_m":604.15,"Qve_Ho":135.99,"Qoverflow":0.0,"QcmH1H2H3":6.73,"Qminflow":1.06,"Qve_Hadu":7.79,"Drain_Level1":0.05,"Qve_HoDB":4.69,"Reserve_Water":0.021,"Qminflow_TT":1.06,"H1_MW":0.8,"H2_MW":0.82,"H3_MW":0.0,"QcmH1":3.36,"QcmH2":3.37,"QcmH3":0.0,"DeltaQsb":0.0,"IsPushedToTNMT":null,"IsPushedToBitexco":null,"IsSync":null,"Minutes":"14","Qve_TT":0.0,"Qve_TB":0.0,"UpstreamWaterLevel_Cal":632.69}
2022-06-12 10:14:07.0335 INFO Inserted new measurement data in server!
2022-06-12 10:14:09.4118 INFO Upstream_Cal 632.69
2022-06-12 10:14:09.4219 INFO Upstream 633.31 - Downstream 604.14 - H1_MW 0.79 - H2_MW 0.83 - H3_MW 0
2022-06-12 10:14:14.5096 INFO Upstream_Cal 632.68
2022-06-12 10:14:14.5176 INFO Upstream 633.31 - Downstream 604.14 - H1_MW 0.79 - H2_MW 0.82 - H3_MW 0
2022-06-12 10:14:19.6108 INFO Upstream_Cal 632.68
2022-06-12 10:14:19.6108 INFO Upstream 633.31 - Downstream 604.14 - H1_MW 0.81 - H2_MW 0.82 - H3_MW 0
2022-06-12 10:14:24.6975 INFO Upstream_Cal 632.68
2022-06-12 10:14:24.7085 INFO Upstream 633.31 - Downstream 604.14 - H1_MW 0.8 - H2_MW 0.82 - H3_MW 0
2022-06-12 10:14:29.8057 INFO Upstream_Cal 632.68
2022-06-12 10:14:29.8167 INFO Upstream 633.31 - Downstream 604.14 - H1_MW 0.8 - H2_MW 0.82 - H3_MW 0
2022-06-12 10:14:34.9024 INFO Upstream_Cal 632.68
2022-06-12 10:14:34.9134 INFO Upstream 633.31 - Downstream 604.14 - H1_MW 0.8 - H2_MW 0.82 - H3_MW 0
2022-06-12 10:14:40.0088 INFO Upstream_Cal 632.68
2022-06-12 10:14:40.0199 INFO Upstream 633.31 - Downstream 604.14 - H1_MW 0.8 - H2_MW 0.82 - H3_MW 0
2022-06-12 10:14:45.0967 INFO Upstream_Cal 632.68
2022-06-12 10:14:45.0967 INFO Upstream 633.31 - Downstream 604.14 - H1_MW 0.79 - H2_MW 0.82 - H3_MW 0
2022-06-12 10:14:50.1975 INFO Upstream_Cal 632.68
2022-06-12 10:14:50.2106 INFO Upstream 633.3 - Downstream 604.14 - H1_MW 0.8 - H2_MW 0.82 - H3_MW 0
2022-06-12 10:14:55.2833 INFO Upstream_Cal 632.68
2022-06-12 10:14:55.2833 INFO Upstream 633.3 - Downstream 604.15 - H1_MW 0.79 - H2_MW 0.82 - H3_MW 0
2022-06-12 10:15:00.3794 INFO Upstream_Cal 632.68
2022-06-12 10:15:00.3915 INFO Upstream 633.3 - Downstream 604.14 - H1_MW 0.79 - H2_MW 0.82 - H3_MW 0
2022-06-12 10:15:05.4782 INFO Upstream_Cal 632.68
2022-06-12 10:15:05.4882 INFO Upstream 633.3 - Downstream 604.14 - H1_MW 0.8 - H2_MW 0.82 - H3_MW 0
2022-06-12 10:15:07.0540 INFO Reading PLC Data
2022-06-12 10:15:07.0540 INFO Current Minute: 15. ReadAndCalculateData_15m
2022-06-12 10:15:07.1242 INFO Qve_TB  -3932.47
2022-06-12 10:15:07.1242 INFO Qve_HoDB = Qve_TB
2022-06-12 10:15:07.1242 INFO Qve_HoDB <= 0. -3932.47
2022-06-12 10:15:07.1242 INFO Insert data {"ID":0,"Time":"10:15:07","Date":"2022-06-12T10:15:07.125206+07:00","UpstreamWaterLevel_m":633.3,"DownstreamWaterLevel_m":604.15,"Qve_Ho":0.0,"Qoverflow":0.0,"QcmH1H2H3":6.69,"Qminflow":1.06,"Qve_Hadu":7.75,"Drain_Level1":0.05,"Qve_HoDB":0.0,"Reserve_Water":0.02,"Qminflow_TT":1.06,"H1_MW":0.79,"H2_MW":0.82,"H3_MW":0.0,"QcmH1":3.32,"QcmH2":3.37,"QcmH3":0.0,"DeltaQsb":-3940.22,"IsPushedToTNMT":null,"IsPushedToBitexco":null,"IsSync":null,"Minutes":"15","Qve_TT":-3932.47,"Qve_TB":-3932.47,"UpstreamWaterLevel_Cal":632.68}
2022-06-12 10:15:07.1242 INFO Inserted new measurement data in server!
2022-06-12 10:15:10.5863 INFO Upstream_Cal 632.68
2022-06-12 10:15:10.5933 INFO Upstream 633.31 - Downstream 604.15 - H1_MW 0.79 - H2_MW 0.82 - H3_MW 0
2022-06-12 10:15:15.6697 INFO Upstream_Cal 632.68
2022-06-12 10:15:15.6857 INFO Upstream 633.31 - Downstream 604.14 - H1_MW 0.8 - H2_MW 0.82 - H3_MW 0
2022-06-12 10:15:20.7857 INFO Upstream_Cal 632.68
2022-06-12 10:15:20.7957 INFO Upstream 633.31 - Downstream 604.14 - H1_MW 0.8 - H2_MW 0.82 - H3_MW 0
2022-06-12 10:15:25.8841 INFO Upstream_Cal 632.69
2022-06-12 10:15:25.8942 INFO Upstream 633.31 - Downstream 604.15 - H1_MW 0.8 - H2_MW 0.82 - H3_MW 0
2022-06-12 10:15:30.9903 INFO Upstream_Cal 632.69
2022-06-12 10:15:31.0003 INFO Upstream 633.31 - Downstream 604.14 - H1_MW 0.8 - H2_MW 0.82 - H3_MW 0
2022-06-12 10:15:36.0724 INFO Upstream_Cal 632.69
2022-06-12 10:15:36.0834 INFO Upstream 633.31 - Downstream 604.15 - H1_MW 0.8 - H2_MW 0.82 - H3_MW 0
2022-06-12 10:15:41.1667 INFO Upstream_Cal 632.69
2022-06-12 10:15:41.1830 INFO Upstream 633.32 - Downstream 604.14 - H1_MW 0.8 - H2_MW 0.82 - H3_MW 0
2022-06-12 10:15:46.2674 INFO Upstream_Cal 632.69
2022-06-12 10:15:46.2674 INFO Upstream 633.32 - Downstream 604.14 - H1_MW 0.8 - H2_MW 0.82 - H3_MW 0
2022-06-12 10:15:51.3603 INFO Upstream_Cal 632.69
2022-06-12 10:15:51.3765 INFO Upstream 633.32 - Downstream 604.15 - H1_MW 0.8 - H2_MW 0.82 - H3_MW 0
2022-06-12 10:15:56.4553 INFO Upstream_Cal 632.69
2022-06-12 10:15:56.4553 INFO Upstream 633.32 - Downstream 604.14 - H1_MW 0.78 - H2_MW 0.82 - H3_MW 0
2022-06-12 10:16:01.5495 INFO Upstream_Cal 632.69
2022-06-12 10:16:01.5495 INFO Upstream 633.32 - Downstream 604.15 - H1_MW 0.81 - H2_MW 0.82 - H3_MW 0
2022-06-12 10:16:06.6432 INFO Upstream_Cal 632.69
2022-06-12 10:16:06.6432 INFO Upstream 633.32 - Downstream 604.14 - H1_MW 0.8 - H2_MW 0.82 - H3_MW 0
2022-06-12 10:16:07.1431 INFO Reading PLC Data
2022-06-12 10:16:07.2232 INFO Upstream_Cal 632.69
2022-06-12 10:16:07.2232 INFO Upstream 633.32 - Downstream 604.14 - H1_MW 0.8 - H2_MW 0.82 - H3_MW 0
2022-06-12 10:16:07.2334 INFO Insert data {"ID":0,"Time":"10:16:07","Date":"2022-06-12T10:16:07.2334807+07:00","UpstreamWaterLevel_m":633.32,"DownstreamWaterLevel_m":604.14,"Qve_Ho":0.0,"Qoverflow":0.0,"QcmH1H2H3":6.73,"Qminflow":1.06,"Qve_Hadu":7.79,"Drain_Level1":0.05,"Qve_HoDB":0.0,"Reserve_Water":0.021,"Qminflow_TT":1.06,"H1_MW":0.8,"H2_MW":0.82,"H3_MW":0.0,"QcmH1":3.36,"QcmH2":3.37,"QcmH3":0.0,"DeltaQsb":0.0,"IsPushedToTNMT":null,"IsPushedToBitexco":null,"IsSync":null,"Minutes":"16","Qve_TT":-3932.47,"Qve_TB":-3932.47,"UpstreamWaterLevel_Cal":632.69}
2022-06-12 10:16:07.2334 INFO Inserted new measurement data in server!
2022-06-12 10:16:11.7467 INFO Upstream_Cal 632.69
2022-06-12 10:16:11.7547 INFO Upstream 633.32 - Downstream 604.14 - H1_MW 0.79 - H2_MW 0.83 - H3_MW 0
2022-06-12 10:16:16.8479 INFO Upstream_Cal 632.69
2022-06-12 10:16:16.8580 INFO Upstream 633.32 - Downstream 604.14 - H1_MW 0.81 - H2_MW 0.82 - H3_MW 0
2022-06-12 10:16:21.9458 INFO Upstream_Cal 632.69
2022-06-12 10:16:21.9578 INFO Upstream 633.32 - Downstream 604.14 - H1_MW 0.79 - H2_MW 0.82 - H3_MW 0
2022-06-12 10:16:27.0456 INFO Upstream_Cal 632.69
2022-06-12 10:16:27.0456 INFO Upstream 633.32 - Downstream 604.14 - H1_MW 0.8 - H2_MW 0.82 - H3_MW 0
2022-06-12 10:16:32.1398 INFO Upstream_Cal 632.69
2022-06-12 10:16:32.1398 INFO Upstream 633.32 - Downstream 604.14 - H1_MW 0.8 - H2_MW 0.82 - H3_MW 0
2022-06-12 10:16:37.2402 INFO Upstream_Cal 632.69
2022-06-12 10:16:37.2503 INFO Upstream 633.32 - Downstream 604.14 - H1_MW 0.8 - H2_MW 0.82 - H3_MW 0
2022-06-12 10:16:42.3446 INFO Upstream_Cal 632.69
2022-06-12 10:16:42.3446 INFO Upstream 633.31 - Downstream 604.14 - H1_MW 0.8 - H2_MW 0.82 - H3_MW 0
2022-06-12 10:16:47.4309 INFO Upstream_Cal 632.69
2022-06-12 10:16:47.4399 INFO Upstream 633.32 - Downstream 604.14 - H1_MW 0.8 - H2_MW 0.82 - H3_MW 0
2022-06-12 10:16:52.5133 INFO Upstream_Cal 632.69
2022-06-12 10:16:52.5233 INFO Upstream 633.32 - Downstream 604.14 - H1_MW 0.8 - H2_MW 0.82 - H3_MW 0
2022-06-12 10:16:57.6101 INFO Upstream_Cal 632.69
2022-06-12 10:16:57.6101 INFO Upstream 633.32 - Downstream 604.15 - H1_MW 0.8 - H2_MW 0.82 - H3_MW 0
2022-06-12 10:17:02.7050 INFO Upstream_Cal 632.69
2022-06-12 10:17:02.7050 INFO Upstream 633.32 - Downstream 604.14 - H1_MW 0.8 - H2_MW 0.82 - H3_MW 0
2022-06-12 10:17:07.2557 INFO Reading PLC Data
2022-06-12 10:17:07.3190 INFO Upstream_Cal 632.69
2022-06-12 10:17:07.3300 INFO Upstream 633.32 - Downstream 604.14 - H1_MW 0.79 - H2_MW 0.82 - H3_MW 0
2022-06-12 10:17:07.3300 INFO Insert data {"ID":0,"Time":"10:17:07","Date":"2022-06-12T10:17:07.3300558+07:00","UpstreamWaterLevel_m":633.32,"DownstreamWaterLevel_m":604.14,"Qve_Ho":0.0,"Qoverflow":0.0,"QcmH1H2H3":6.69,"Qminflow":1.06,"Qve_Hadu":7.75,"Drain_Level1":0.05,"Qve_HoDB":0.0,"Reserve_Water":0.021,"Qminflow_TT":1.06,"H1_MW":0.79,"H2_MW":0.82,"H3_MW":0.0,"QcmH1":3.32,"QcmH2":3.37,"QcmH3":0.0,"DeltaQsb":0.0,"IsPushedToTNMT":null,"IsPushedToBitexco":null,"IsSync":null,"Minutes":"17","Qve_TT":-3932.47,"Qve_TB":-3932.47,"UpstreamWaterLevel_Cal":632.69}
2022-06-12 10:17:07.3422 INFO Inserted new measurement data in server!
2022-06-12 10:17:07.8129 INFO Upstream_Cal 632.69
2022-06-12 10:17:07.8129 INFO Upstream 633.32 - Downstream 604.14 - H1_MW 0.79 - H2_MW 0.82 - H3_MW 0
2022-06-12 10:17:12.8954 INFO Upstream_Cal 632.69
2022-06-12 10:17:12.9055 INFO Upstream 633.32 - Downstream 604.13 - H1_MW 0.79 - H2_MW 0.82 - H3_MW 0
2022-06-12 10:17:18.0046 INFO Upstream_Cal 632.69
2022-06-12 10:17:18.0146 INFO Upstream 633.32 - Downstream 604.14 - H1_MW 0.81 - H2_MW 0.82 - H3_MW 0
2022-06-12 10:17:23.0949 INFO Upstream_Cal 632.69
2022-06-12 10:17:23.0949 INFO Upstream 633.32 - Downstream 604.14 - H1_MW 0.8 - H2_MW 0.82 - H3_MW 0
2022-06-12 10:17:28.2045 INFO Upstream_Cal 632.69
2022-06-12 10:17:28.2045 INFO Upstream 633.32 - Downstream 604.14 - H1_MW 0.8 - H2_MW 0.82 - H3_MW 0
2022-06-12 10:17:33.2964 INFO Upstream_Cal 632.69
2022-06-12 10:17:33.2964 INFO Upstream 633.32 - Downstream 604.15 - H1_MW 0.79 - H2_MW 0.82 - H3_MW 0
2022-06-12 10:17:38.3918 INFO Upstream_Cal 632.69
2022-06-12 10:17:38.3918 INFO Upstream 633.32 - Downstream 604.14 - H1_MW 0.8 - H2_MW 0.82 - H3_MW 0
2022-06-12 10:17:43.4912 INFO Upstream_Cal 632.69
2022-06-12 10:17:43.4912 INFO Upstream 633.32 - Downstream 604.14 - H1_MW 0.8 - H2_MW 0.82 - H3_MW 0
2022-06-12 10:17:48.5911 INFO Upstream_Cal 632.69
2022-06-12 10:17:48.6011 INFO Upstream 633.32 - Downstream 604.14 - H1_MW 0.8 - H2_MW 0.82 - H3_MW 0
2022-06-12 10:17:53.6746 INFO Upstream_Cal 632.69
2022-06-12 10:17:53.6746 INFO Upstream 633.32 - Downstream 604.14 - H1_MW 0.8 - H2_MW 0.82 - H3_MW 0
2022-06-12 10:17:58.7571 INFO Upstream_Cal 632.69
2022-06-12 10:17:58.7761 INFO Upstream 633.32 - Downstream 604.14 - H1_MW 0.8 - H2_MW 0.82 - H3_MW 0
2022-06-12 10:18:03.8681 INFO Upstream_Cal 632.69
2022-06-12 10:18:03.8811 INFO Upstream 633.32 - Downstream 604.14 - H1_MW 0.8 - H2_MW 0.82 - H3_MW 0
2022-06-12 10:18:07.3544 INFO Reading PLC Data
2022-06-12 10:18:07.4251 INFO Upstream_Cal 632.69
2022-06-12 10:18:07.4251 INFO Upstream 633.32 - Downstream 604.15 - H1_MW 0.8 - H2_MW 0.82 - H3_MW 0
2022-06-12 10:18:07.4251 INFO Insert data {"ID":0,"Time":"10:18:07","Date":"2022-06-12T10:18:07.4353131+07:00","UpstreamWaterLevel_m":633.32,"DownstreamWaterLevel_m":604.15,"Qve_Ho":0.0,"Qoverflow":0.0,"QcmH1H2H3":6.73,"Qminflow":1.06,"Qve_Hadu":7.79,"Drain_Level1":0.05,"Qve_HoDB":0.0,"Reserve_Water":0.021,"Qminflow_TT":1.06,"H1_MW":0.8,"H2_MW":0.82,"H3_MW":0.0,"QcmH1":3.36,"QcmH2":3.37,"QcmH3":0.0,"DeltaQsb":0.0,"IsPushedToTNMT":null,"IsPushedToBitexco":null,"IsSync":null,"Minutes":"18","Qve_TT":-3932.47,"Qve_TB":-3932.47,"UpstreamWaterLevel_Cal":632.69}
2022-06-12 10:18:07.4444 INFO Inserted new measurement data in server!
2022-06-12 10:18:08.9691 INFO Upstream_Cal 632.69
2022-06-12 10:18:08.9851 INFO Upstream 633.32 - Downstream 604.14 - H1_MW 0.81 - H2_MW 0.82 - H3_MW 0
2022-06-12 10:18:14.0612 INFO Upstream_Cal 632.69
2022-06-12 10:18:14.0612 INFO Upstream 633.32 - Downstream 604.14 - H1_MW 0.79 - H2_MW 0.82 - H3_MW 0
2022-06-12 10:18:19.1484 INFO Upstream_Cal 632.69
2022-06-12 10:18:19.1594 INFO Upstream 633.32 - Downstream 604.14 - H1_MW 0.81 - H2_MW 0.82 - H3_MW 0
2022-06-12 10:18:24.2494 INFO Upstream_Cal 632.69
2022-06-12 10:18:24.2643 INFO Upstream 633.32 - Downstream 604.14 - H1_MW 0.8 - H2_MW 0.82 - H3_MW 0
2022-06-12 10:18:29.3470 INFO Upstream_Cal 632.69
2022-06-12 10:18:29.3470 INFO Upstream 633.32 - Downstream 604.15 - H1_MW 0.8 - H2_MW 0.82 - H3_MW 0
2022-06-12 10:18:34.4341 INFO Upstream_Cal 632.69
2022-06-12 10:18:34.4441 INFO Upstream 633.32 - Downstream 604.14 - H1_MW 0.8 - H2_MW 0.82 - H3_MW 0
2022-06-12 10:18:39.5353 INFO Upstream_Cal 632.69
2022-06-12 10:18:39.5483 INFO Upstream 633.32 - Downstream 604.14 - H1_MW 0.79 - H2_MW 0.82 - H3_MW 0
2022-06-12 10:18:44.6302 INFO Upstream_Cal 632.69
2022-06-12 10:18:44.6414 INFO Upstream 633.32 - Downstream 604.15 - H1_MW 0.81 - H2_MW 0.82 - H3_MW 0
2022-06-12 10:18:49.7184 INFO Upstream_Cal 632.69
2022-06-12 10:18:49.7184 INFO Upstream 633.32 - Downstream 604.14 - H1_MW 0.8 - H2_MW 0.82 - H3_MW 0
2022-06-12 10:18:54.8213 INFO Upstream_Cal 632.69
2022-06-12 10:18:54.8323 INFO Upstream 633.32 - Downstream 604.14 - H1_MW 0.8 - H2_MW 0.82 - H3_MW 0
2022-06-12 10:18:59.9087 INFO Upstream_Cal 632.69
2022-06-12 10:18:59.9087 INFO Upstream 633.32 - Downstream 604.14 - H1_MW 0.8 - H2_MW 0.82 - H3_MW 0
2022-06-12 10:19:05.0100 INFO Upstream_Cal 632.69
2022-06-12 10:19:05.0200 INFO Upstream 633.32 - Downstream 604.14 - H1_MW 0.8 - H2_MW 0.82 - H3_MW 0
2022-06-12 10:19:07.4553 INFO Reading PLC Data
2022-06-12 10:19:07.5170 INFO Upstream_Cal 632.69
2022-06-12 10:19:07.5170 INFO Upstream 633.33 - Downstream 604.14 - H1_MW 0.8 - H2_MW 0.82 - H3_MW 0
2022-06-12 10:19:07.5170 INFO Insert data {"ID":0,"Time":"10:19:07","Date":"2022-06-12T10:19:07.526132+07:00","UpstreamWaterLevel_m":633.33,"DownstreamWaterLevel_m":604.14,"Qve_Ho":0.0,"Qoverflow":0.0,"QcmH1H2H3":6.73,"Qminflow":1.06,"Qve_Hadu":7.79,"Drain_Level1":0.05,"Qve_HoDB":0.0,"Reserve_Water":0.021,"Qminflow_TT":1.06,"H1_MW":0.8,"H2_MW":0.82,"H3_MW":0.0,"QcmH1":3.36,"QcmH2":3.37,"QcmH3":0.0,"DeltaQsb":0.0,"IsPushedToTNMT":null,"IsPushedToBitexco":null,"IsSync":null,"Minutes":"19","Qve_TT":-3932.47,"Qve_TB":-3932.47,"UpstreamWaterLevel_Cal":632.69}
2022-06-12 10:19:07.5361 INFO Inserted new measurement data in server!
2022-06-12 10:19:10.1014 INFO Upstream_Cal 632.69
2022-06-12 10:19:10.1115 INFO Upstream 633.33 - Downstream 604.14 - H1_MW 0.79 - H2_MW 0.82 - H3_MW 0
2022-06-12 10:19:15.2016 INFO Upstream_Cal 632.69
2022-06-12 10:19:15.2016 INFO Upstream 633.32 - Downstream 604.14 - H1_MW 0.79 - H2_MW 0.82 - H3_MW 0
2022-06-12 10:19:20.3109 INFO Upstream_Cal 632.69
2022-06-12 10:19:20.3109 INFO Upstream 633.32 - Downstream 604.14 - H1_MW 0.8 - H2_MW 0.82 - H3_MW 0
2022-06-12 10:19:25.4104 INFO Upstream_Cal 632.69
2022-06-12 10:19:25.4204 INFO Upstream 633.32 - Downstream 604.14 - H1_MW 0.8 - H2_MW 0.82 - H3_MW 0
2022-06-12 10:19:30.4983 INFO Upstream_Cal 632.69
2022-06-12 10:19:30.4983 INFO Upstream 633.32 - Downstream 604.14 - H1_MW 0.79 - H2_MW 0.82 - H3_MW 0
2022-06-12 10:19:35.5948 INFO Upstream_Cal 632.69
2022-06-12 10:19:35.5948 INFO Upstream 633.32 - Downstream 604.14 - H1_MW 0.81 - H2_MW 0.82 - H3_MW 0
2022-06-12 10:19:40.6928 INFO Upstream_Cal 632.69
2022-06-12 10:19:40.6928 INFO Upstream 633.32 - Downstream 604.15 - H1_MW 0.79 - H2_MW 0.82 - H3_MW 0
2022-06-12 10:19:45.7863 INFO Upstream_Cal 632.69
2022-06-12 10:19:45.7963 INFO Upstream 633.33 - Downstream 604.14 - H1_MW 0.8 - H2_MW 0.82 - H3_MW 0
2022-06-12 10:19:50.8851 INFO Upstream_Cal 632.69
2022-06-12 10:19:50.8960 INFO Upstream 633.32 - Downstream 604.14 - H1_MW 0.81 - H2_MW 0.82 - H3_MW 0
2022-06-12 10:19:55.9908 INFO Upstream_Cal 632.69
2022-06-12 10:19:56.0028 INFO Upstream 633.32 - Downstream 604.15 - H1_MW 0.8 - H2_MW 0.82 - H3_MW 0
2022-06-12 10:20:01.0856 INFO Upstream_Cal 632.69
2022-06-12 10:20:01.0946 INFO Upstream 633.32 - Downstream 604.14 - H1_MW 0.79 - H2_MW 0.82 - H3_MW 0
2022-06-12 10:20:06.1836 INFO Upstream_Cal 632.69
2022-06-12 10:20:06.1996 INFO Upstream 633.32 - Downstream 604.13 - H1_MW 0.79 - H2_MW 0.82 - H3_MW 0
2022-06-12 10:20:07.5438 INFO Reading PLC Data
2022-06-12 10:20:07.6167 INFO Upstream_Cal 632.69
2022-06-12 10:20:07.6258 INFO Upstream 633.32 - Downstream 604.15 - H1_MW 0.8 - H2_MW 0.82 - H3_MW 0
2022-06-12 10:20:07.6258 INFO Insert data {"ID":0,"Time":"10:20:07","Date":"2022-06-12T10:20:07.6268263+07:00","UpstreamWaterLevel_m":633.32,"DownstreamWaterLevel_m":604.15,"Qve_Ho":0.0,"Qoverflow":0.0,"QcmH1H2H3":6.73,"Qminflow":1.06,"Qve_Hadu":7.79,"Drain_Level1":0.05,"Qve_HoDB":0.0,"Reserve_Water":0.021,"Qminflow_TT":1.06,"H1_MW":0.8,"H2_MW":0.82,"H3_MW":0.0,"QcmH1":3.36,"QcmH2":3.37,"QcmH3":0.0,"DeltaQsb":0.0,"IsPushedToTNMT":null,"IsPushedToBitexco":null,"IsSync":null,"Minutes":"20","Qve_TT":-3932.47,"Qve_TB":-3932.47,"UpstreamWaterLevel_Cal":632.69}
2022-06-12 10:20:07.6258 INFO Inserted new measurement data in server!
2022-06-12 10:20:11.2911 INFO Upstream_Cal 632.69
2022-06-12 10:20:11.3021 INFO Upstream 633.32 - Downstream 604.15 - H1_MW 0.8 - H2_MW 0.82 - H3_MW 0
2022-06-12 10:20:16.3851 INFO Upstream_Cal 632.69
2022-06-12 10:20:16.3962 INFO Upstream 633.33 - Downstream 604.14 - H1_MW 0.8 - H2_MW 0.82 - H3_MW 0
2022-06-12 10:20:21.4695 INFO Upstream_Cal 632.69
2022-06-12 10:20:21.4695 INFO Upstream 633.32 - Downstream 604.15 - H1_MW 0.81 - H2_MW 0.82 - H3_MW 0
2022-06-12 10:20:26.5758 INFO Upstream_Cal 632.69
2022-06-12 10:20:26.5868 INFO Upstream 633.32 - Downstream 604.14 - H1_MW 0.8 - H2_MW 0.82 - H3_MW 0
2022-06-12 10:20:31.6709 INFO Upstream_Cal 632.69
2022-06-12 10:20:31.6709 INFO Upstream 633.32 - Downstream 604.14 - H1_MW 0.81 - H2_MW 0.82 - H3_MW 0
2022-06-12 10:20:36.7696 INFO Upstream_Cal 632.69
2022-06-12 10:20:36.7866 INFO Upstream 633.32 - Downstream 604.14 - H1_MW 0.8 - H2_MW 0.82 - H3_MW 0
2022-06-12 10:20:41.8671 INFO Upstream_Cal 632.69
2022-06-12 10:20:41.8794 INFO Upstream 633.32 - Downstream 604.15 - H1_MW 0.79 - H2_MW 0.82 - H3_MW 0
2022-06-12 10:20:46.9629 INFO Upstream_Cal 632.69
2022-06-12 10:20:46.9810 INFO Upstream 633.32 - Downstream 604.15 - H1_MW 0.81 - H2_MW 0.82 - H3_MW 0
2022-06-12 10:20:52.0865 INFO Upstream_Cal 632.69
2022-06-12 10:20:52.0975 INFO Upstream 633.32 - Downstream 604.14 - H1_MW 0.79 - H2_MW 0.82 - H3_MW 0
2022-06-12 10:20:57.1728 INFO Upstream_Cal 632.69
2022-06-12 10:20:57.1890 INFO Upstream 633.33 - Downstream 604.15 - H1_MW 0.8 - H2_MW 0.82 - H3_MW 0
2022-06-12 10:21:02.2720 INFO Upstream_Cal 632.69
2022-06-12 10:21:02.2820 INFO Upstream 633.33 - Downstream 604.14 - H1_MW 0.8 - H2_MW 0.82 - H3_MW 0
2022-06-12 10:21:07.3599 INFO Upstream_Cal 632.69
2022-06-12 10:21:07.3599 INFO Upstream 633.33 - Downstream 604.15 - H1_MW 0.81 - H2_MW 0.82 - H3_MW 0
2022-06-12 10:21:07.6521 INFO Reading PLC Data
2022-06-12 10:21:07.7162 INFO Upstream_Cal 632.69
2022-06-12 10:21:07.7262 INFO Upstream 633.32 - Downstream 604.15 - H1_MW 0.81 - H2_MW 0.82 - H3_MW 0
2022-06-12 10:21:07.7262 INFO Insert data {"ID":0,"Time":"10:21:07","Date":"2022-06-12T10:21:07.7272903+07:00","UpstreamWaterLevel_m":633.32,"DownstreamWaterLevel_m":604.15,"Qve_Ho":0.0,"Qoverflow":0.0,"QcmH1H2H3":6.77,"Qminflow":1.06,"Qve_Hadu":7.83,"Drain_Level1":0.05,"Qve_HoDB":0.0,"Reserve_Water":0.021,"Qminflow_TT":1.06,"H1_MW":0.81,"H2_MW":0.82,"H3_MW":0.0,"QcmH1":3.4,"QcmH2":3.37,"QcmH3":0.0,"DeltaQsb":0.0,"IsPushedToTNMT":null,"IsPushedToBitexco":null,"IsSync":null,"Minutes":"21","Qve_TT":-3932.47,"Qve_TB":-3932.47,"UpstreamWaterLevel_Cal":632.69}
2022-06-12 10:21:07.7384 INFO Inserted new measurement data in server!
2022-06-12 10:21:12.4486 INFO Upstream_Cal 632.69
2022-06-12 10:21:12.4596 INFO Upstream 633.33 - Downstream 604.15 - H1_MW 0.79 - H2_MW 0.82 - H3_MW 0
2022-06-12 10:21:17.5326 INFO Upstream_Cal 632.69
2022-06-12 10:21:17.5326 INFO Upstream 633.32 - Downstream 604.15 - H1_MW 0.8 - H2_MW 0.82 - H3_MW 0
2022-06-12 10:21:22.6379 INFO Upstream_Cal 632.69
2022-06-12 10:21:22.6490 INFO Upstream 633.33 - Downstream 604.14 - H1_MW 0.8 - H2_MW 0.82 - H3_MW 0
2022-06-12 10:21:27.7268 INFO Upstream_Cal 632.7
2022-06-12 10:21:27.7349 INFO Upstream 633.33 - Downstream 604.15 - H1_MW 0.8 - H2_MW 0.82 - H3_MW 0
2022-06-12 10:21:32.8178 INFO Upstream_Cal 632.69
2022-06-12 10:21:32.8298 INFO Upstream 633.33 - Downstream 604.14 - H1_MW 0.8 - H2_MW 0.82 - H3_MW 0
2022-06-12 10:21:37.9110 INFO Upstream_Cal 632.7
2022-06-12 10:21:37.9212 INFO Upstream 633.33 - Downstream 604.14 - H1_MW 0.8 - H2_MW 0.82 - H3_MW 0
2022-06-12 10:21:43.0207 INFO Upstream_Cal 632.69
2022-06-12 10:21:43.0307 INFO Upstream 633.33 - Downstream 604.14 - H1_MW 0.79 - H2_MW 0.82 - H3_MW 0
2022-06-12 10:21:48.1070 INFO Upstream_Cal 632.7
2022-06-12 10:21:48.1190 INFO Upstream 633.33 - Downstream 604.15 - H1_MW 0.81 - H2_MW 0.82 - H3_MW 0
2022-06-12 10:21:53.2030 INFO Upstream_Cal 632.7
2022-06-12 10:21:53.2030 INFO Upstream 633.33 - Downstream 604.14 - H1_MW 0.79 - H2_MW 0.82 - H3_MW 0
2022-06-12 10:21:58.2956 INFO Upstream_Cal 632.7
2022-06-12 10:21:58.2956 INFO Upstream 633.33 - Downstream 604.14 - H1_MW 0.81 - H2_MW 0.82 - H3_MW 0
2022-06-12 10:22:03.4010 INFO Upstream_Cal 632.7
2022-06-12 10:22:03.4120 INFO Upstream 633.33 - Downstream 604.15 - H1_MW 0.8 - H2_MW 0.82 - H3_MW 0
2022-06-12 10:22:07.7593 INFO Reading PLC Data
2022-06-12 10:22:07.8302 INFO Upstream_Cal 632.69
2022-06-12 10:22:07.8472 INFO Upstream 633.32 - Downstream 604.15 - H1_MW 0.8 - H2_MW 0.82 - H3_MW 0
2022-06-12 10:22:07.8472 INFO Insert data {"ID":0,"Time":"10:22:07","Date":"2022-06-12T10:22:07.8482488+07:00","UpstreamWaterLevel_m":633.32,"DownstreamWaterLevel_m":604.15,"Qve_Ho":0.0,"Qoverflow":0.0,"QcmH1H2H3":6.73,"Qminflow":1.06,"Qve_Hadu":7.79,"Drain_Level1":0.05,"Qve_HoDB":0.0,"Reserve_Water":0.021,"Qminflow_TT":1.06,"H1_MW":0.8,"H2_MW":0.82,"H3_MW":0.0,"QcmH1":3.36,"QcmH2":3.37,"QcmH3":0.0,"DeltaQsb":0.0,"IsPushedToTNMT":null,"IsPushedToBitexco":null,"IsSync":null,"Minutes":"22","Qve_TT":-3932.47,"Qve_TB":-3932.47,"UpstreamWaterLevel_Cal":632.69}
2022-06-12 10:22:07.8582 INFO Inserted new measurement data in server!
2022-06-12 10:22:08.5128 INFO Upstream_Cal 632.69
2022-06-12 10:22:08.5208 INFO Upstream 633.32 - Downstream 604.14 - H1_MW 0.8 - H2_MW 0.82 - H3_MW 0
2022-06-12 10:22:13.6083 INFO Upstream_Cal 632.69
2022-06-12 10:22:13.6083 INFO Upstream 633.33 - Downstream 604.14 - H1_MW 0.8 - H2_MW 0.82 - H3_MW 0
2022-06-12 10:22:18.7028 INFO Upstream_Cal 632.7
2022-06-12 10:22:18.7187 INFO Upstream 633.33 - Downstream 604.15 - H1_MW 0.79 - H2_MW 0.82 - H3_MW 0
2022-06-12 10:22:23.8150 INFO Upstream_Cal 632.69
2022-06-12 10:22:23.8150 INFO Upstream 633.33 - Downstream 604.15 - H1_MW 0.8 - H2_MW 0.82 - H3_MW 0
2022-06-12 10:22:28.9076 INFO Upstream_Cal 632.69
2022-06-12 10:22:28.9236 INFO Upstream 633.32 - Downstream 604.14 - H1_MW 0.8 - H2_MW 0.82 - H3_MW 0
2022-06-12 10:22:34.0238 INFO Upstream_Cal 632.69
2022-06-12 10:22:34.0339 INFO Upstream 633.32 - Downstream 604.15 - H1_MW 0.79 - H2_MW 0.82 - H3_MW 0
2022-06-12 10:22:39.1214 INFO Upstream_Cal 632.69
2022-06-12 10:22:39.1333 INFO Upstream 633.33 - Downstream 604.15 - H1_MW 0.8 - H2_MW 0.82 - H3_MW 0
2022-06-12 10:22:44.2302 INFO Upstream_Cal 632.69
2022-06-12 10:22:44.2414 INFO Upstream 633.33 - Downstream 604.15 - H1_MW 0.79 - H2_MW 0.82 - H3_MW 0
2022-06-12 10:22:49.3190 INFO Upstream_Cal 632.69
2022-06-12 10:22:49.3322 INFO Upstream 633.32 - Downstream 604.14 - H1_MW 0.8 - H2_MW 0.81 - H3_MW 0
2022-06-12 10:22:54.4140 INFO Upstream_Cal 632.69
2022-06-12 10:22:54.4240 INFO Upstream 633.32 - Downstream 604.14 - H1_MW 0.8 - H2_MW 0.82 - H3_MW 0
2022-06-12 10:22:59.5084 INFO Upstream_Cal 632.69
2022-06-12 10:22:59.5174 INFO Upstream 633.33 - Downstream 604.14 - H1_MW 0.81 - H2_MW 0.82 - H3_MW 0
2022-06-12 10:23:04.6110 INFO Upstream_Cal 632.69
2022-06-12 10:23:04.6110 INFO Upstream 633.32 - Downstream 604.14 - H1_MW 0.81 - H2_MW 0.82 - H3_MW 0
2022-06-12 10:23:07.8661 INFO Reading PLC Data
2022-06-12 10:23:07.9271 INFO Upstream_Cal 632.69
2022-06-12 10:23:07.9360 INFO Upstream 633.32 - Downstream 604.14 - H1_MW 0.8 - H2_MW 0.82 - H3_MW 0
2022-06-12 10:23:07.9360 INFO Insert data {"ID":0,"Time":"10:23:07","Date":"2022-06-12T10:23:07.9370495+07:00","UpstreamWaterLevel_m":633.32,"DownstreamWaterLevel_m":604.14,"Qve_Ho":0.0,"Qoverflow":0.0,"QcmH1H2H3":6.73,"Qminflow":1.06,"Qve_Hadu":7.79,"Drain_Level1":0.05,"Qve_HoDB":0.0,"Reserve_Water":0.021,"Qminflow_TT":1.06,"H1_MW":0.8,"H2_MW":0.82,"H3_MW":0.0,"QcmH1":3.36,"QcmH2":3.37,"QcmH3":0.0,"DeltaQsb":0.0,"IsPushedToTNMT":null,"IsPushedToBitexco":null,"IsSync":null,"Minutes":"23","Qve_TT":-3932.47,"Qve_TB":-3932.47,"UpstreamWaterLevel_Cal":632.69}
2022-06-12 10:23:07.9360 INFO Inserted new measurement data in server!
2022-06-12 10:23:09.6968 INFO Upstream_Cal 632.69
2022-06-12 10:23:09.7068 INFO Upstream 633.32 - Downstream 604.14 - H1_MW 0.8 - H2_MW 0.82 - H3_MW 0
2022-06-12 10:23:14.8040 INFO Upstream_Cal 632.69
2022-06-12 10:23:14.8140 INFO Upstream 633.32 - Downstream 604.14 - H1_MW 0.8 - H2_MW 0.82 - H3_MW 0
2022-06-12 10:23:19.8992 INFO Upstream_Cal 632.69
2022-06-12 10:23:19.9112 INFO Upstream 633.32 - Downstream 604.14 - H1_MW 0.8 - H2_MW 0.82 - H3_MW 0
2022-06-12 10:23:25.0133 INFO Upstream_Cal 632.69
2022-06-12 10:23:25.0223 INFO Upstream 633.32 - Downstream 604.14 - H1_MW 0.8 - H2_MW 0.82 - H3_MW 0
2022-06-12 10:23:30.1042 INFO Upstream_Cal 632.69
2022-06-12 10:23:30.1121 INFO Upstream 633.32 - Downstream 604.14 - H1_MW 0.8 - H2_MW 0.82 - H3_MW 0
2022-06-12 10:23:35.2137 INFO Upstream_Cal 632.69
2022-06-12 10:23:35.2238 INFO Upstream 633.32 - Downstream 604.14 - H1_MW 0.8 - H2_MW 0.82 - H3_MW 0
2022-06-12 10:23:40.2983 INFO Upstream_Cal 632.69
2022-06-12 10:23:40.2983 INFO Upstream 633.32 - Downstream 604.14 - H1_MW 0.8 - H2_MW 0.82 - H3_MW 0
2022-06-12 10:23:45.4059 INFO Upstream_Cal 632.69
2022-06-12 10:23:45.4059 INFO Upstream 633.32 - Downstream 604.15 - H1_MW 0.81 - H2_MW 0.82 - H3_MW 0
2022-06-12 10:23:50.5076 INFO Upstream_Cal 632.69
2022-06-12 10:23:50.5216 INFO Upstream 633.32 - Downstream 604.15 - H1_MW 0.8 - H2_MW 0.82 - H3_MW 0
2022-06-12 10:23:55.6158 INFO Upstream_Cal 632.69
2022-06-12 10:23:55.6278 INFO Upstream 633.33 - Downstream 604.14 - H1_MW 0.78 - H2_MW 0.82 - H3_MW 0
2022-06-12 10:24:00.7013 INFO Upstream_Cal 632.69
2022-06-12 10:24:00.7133 INFO Upstream 633.32 - Downstream 604.14 - H1_MW 0.8 - H2_MW 0.82 - H3_MW 0
2022-06-12 10:24:05.8079 INFO Upstream_Cal 632.69
2022-06-12 10:24:05.8180 INFO Upstream 633.32 - Downstream 604.14 - H1_MW 0.79 - H2_MW 0.82 - H3_MW 0
2022-06-12 10:24:07.9693 INFO Reading PLC Data
2022-06-12 10:24:08.0333 INFO Upstream_Cal 632.69
2022-06-12 10:24:08.0453 INFO Upstream 633.32 - Downstream 604.14 - H1_MW 0.79 - H2_MW 0.82 - H3_MW 0
2022-06-12 10:24:08.0453 INFO Insert data {"ID":0,"Time":"10:24:08","Date":"2022-06-12T10:24:08.0463107+07:00","UpstreamWaterLevel_m":633.32,"DownstreamWaterLevel_m":604.14,"Qve_Ho":0.0,"Qoverflow":0.0,"QcmH1H2H3":6.69,"Qminflow":1.06,"Qve_Hadu":7.75,"Drain_Level1":0.05,"Qve_HoDB":0.0,"Reserve_Water":0.021,"Qminflow_TT":1.06,"H1_MW":0.79,"H2_MW":0.82,"H3_MW":0.0,"QcmH1":3.32,"QcmH2":3.37,"QcmH3":0.0,"DeltaQsb":0.0,"IsPushedToTNMT":null,"IsPushedToBitexco":null,"IsSync":null,"Minutes":"24","Qve_TT":-3932.47,"Qve_TB":-3932.47,"UpstreamWaterLevel_Cal":632.69}
2022-06-12 10:24:08.0453 INFO Inserted new measurement data in server!
2022-06-12 10:24:10.9072 INFO Upstream_Cal 632.69
2022-06-12 10:24:10.9072 INFO Upstream 633.32 - Downstream 604.14 - H1_MW 0.79 - H2_MW 0.82 - H3_MW 0
2022-06-12 10:24:16.0143 INFO Upstream_Cal 632.7
2022-06-12 10:24:16.0143 INFO Upstream 633.33 - Downstream 604.14 - H1_MW 0.81 - H2_MW 0.82 - H3_MW 0
2022-06-12 10:24:21.1130 INFO Upstream_Cal 632.69
2022-06-12 10:24:21.1130 INFO Upstream 633.33 - Downstream 604.14 - H1_MW 0.81 - H2_MW 0.82 - H3_MW 0
2022-06-12 10:24:26.2180 INFO Upstream_Cal 632.69
2022-06-12 10:24:26.2180 INFO Upstream 633.33 - Downstream 604.14 - H1_MW 0.78 - H2_MW 0.82 - H3_MW 0
2022-06-12 10:24:31.3180 INFO Upstream_Cal 632.7
2022-06-12 10:24:31.3180 INFO Upstream 633.33 - Downstream 604.14 - H1_MW 0.8 - H2_MW 0.82 - H3_MW 0
2022-06-12 10:24:36.4083 INFO Upstream_Cal 632.7
2022-06-12 10:24:36.4083 INFO Upstream 633.33 - Downstream 604.14 - H1_MW 0.8 - H2_MW 0.82 - H3_MW 0
2022-06-12 10:24:41.5012 INFO Upstream_Cal 632.7
2022-06-12 10:24:41.5012 INFO Upstream 633.33 - Downstream 604.15 - H1_MW 0.8 - H2_MW 0.82 - H3_MW 0
2022-06-12 10:24:46.6180 INFO Upstream_Cal 632.7
2022-06-12 10:24:46.6260 INFO Upstream 633.33 - Downstream 604.15 - H1_MW 0.79 - H2_MW 0.82 - H3_MW 0
2022-06-12 10:24:51.7038 INFO Upstream_Cal 632.7
2022-06-12 10:24:51.7038 INFO Upstream 633.33 - Downstream 604.14 - H1_MW 0.81 - H2_MW 0.82 - H3_MW 0
2022-06-12 10:24:56.7967 INFO Upstream_Cal 632.7
2022-06-12 10:24:56.7967 INFO Upstream 633.33 - Downstream 604.14 - H1_MW 0.8 - H2_MW 0.82 - H3_MW 0
2022-06-12 10:25:01.8836 INFO Upstream_Cal 632.7
2022-06-12 10:25:01.8956 INFO Upstream 633.33 - Downstream 604.15 - H1_MW 0.8 - H2_MW 0.82 - H3_MW 0
2022-06-12 10:25:06.9726 INFO Upstream_Cal 632.7
2022-06-12 10:25:06.9926 INFO Upstream 633.33 - Downstream 604.14 - H1_MW 0.79 - H2_MW 0.82 - H3_MW 0
2022-06-12 10:25:08.0663 INFO Reading PLC Data
2022-06-12 10:25:08.1334 INFO Upstream_Cal 632.7
2022-06-12 10:25:08.1443 INFO Upstream 633.33 - Downstream 604.14 - H1_MW 0.79 - H2_MW 0.82 - H3_MW 0
2022-06-12 10:25:08.1443 INFO Insert data {"ID":0,"Time":"10:25:08","Date":"2022-06-12T10:25:08.1443989+07:00","UpstreamWaterLevel_m":633.33,"DownstreamWaterLevel_m":604.14,"Qve_Ho":0.0,"Qoverflow":0.0,"QcmH1H2H3":6.68,"Qminflow":1.06,"Qve_Hadu":7.74,"Drain_Level1":0.05,"Qve_HoDB":0.0,"Reserve_Water":0.021,"Qminflow_TT":1.06,"H1_MW":0.79,"H2_MW":0.82,"H3_MW":0.0,"QcmH1":3.32,"QcmH2":3.36,"QcmH3":0.0,"DeltaQsb":0.0,"IsPushedToTNMT":null,"IsPushedToBitexco":null,"IsSync":null,"Minutes":"25","Qve_TT":-3932.47,"Qve_TB":-3932.47,"UpstreamWaterLevel_Cal":632.7}
2022-06-12 10:25:08.1443 INFO Inserted new measurement data in server!
2022-06-12 10:25:12.0682 INFO Upstream_Cal 632.7
2022-06-12 10:25:12.0802 INFO Upstream 633.33 - Downstream 604.14 - H1_MW 0.8 - H2_MW 0.82 - H3_MW 0
2022-06-12 10:25:17.1725 INFO Upstream_Cal 632.7
2022-06-12 10:25:17.1866 INFO Upstream 633.33 - Downstream 604.15 - H1_MW 0.8 - H2_MW 0.82 - H3_MW 0
2022-06-12 10:25:22.2589 INFO Upstream_Cal 632.7
2022-06-12 10:25:22.2729 INFO Upstream 633.33 - Downstream 604.14 - H1_MW 0.8 - H2_MW 0.82 - H3_MW 0
2022-06-12 10:25:27.3458 INFO Upstream_Cal 632.7
2022-06-12 10:25:27.3458 INFO Upstream 633.33 - Downstream 604.14 - H1_MW 0.8 - H2_MW 0.81 - H3_MW 0
2022-06-12 10:25:32.4460 INFO Upstream_Cal 632.7
2022-06-12 10:25:32.4560 INFO Upstream 633.33 - Downstream 604.14 - H1_MW 0.8 - H2_MW 0.82 - H3_MW 0
2022-06-12 10:25:37.5385 INFO Upstream_Cal 632.7
2022-06-12 10:25:37.5485 INFO Upstream 633.33 - Downstream 604.14 - H1_MW 0.8 - H2_MW 0.82 - H3_MW 0
2022-06-12 10:25:42.6728 INFO Upstream_Cal 632.7
2022-06-12 10:25:42.6728 INFO Upstream 633.33 - Downstream 604.15 - H1_MW 0.8 - H2_MW 0.82 - H3_MW 0
2022-06-12 10:25:47.7618 INFO Upstream_Cal 632.7
2022-06-12 10:25:47.7788 INFO Upstream 633.33 - Downstream 604.15 - H1_MW 0.8 - H2_MW 0.82 - H3_MW 0
2022-06-12 10:25:52.8715 INFO Upstream_Cal 632.7
2022-06-12 10:25:52.8795 INFO Upstream 633.33 - Downstream 604.15 - H1_MW 0.79 - H2_MW 0.82 - H3_MW 0
2022-06-12 10:25:57.9506 INFO Upstream_Cal 632.7
2022-06-12 10:25:57.9616 INFO Upstream 633.33 - Downstream 604.14 - H1_MW 0.8 - H2_MW 0.82 - H3_MW 0
2022-06-12 10:26:03.0429 INFO Upstream_Cal 632.7
2022-06-12 10:26:03.0538 INFO Upstream 633.34 - Downstream 604.14 - H1_MW 0.8 - H2_MW 0.82 - H3_MW 0
2022-06-12 10:26:08.1322 INFO Upstream_Cal 632.7
2022-06-12 10:26:08.1413 INFO Upstream 633.34 - Downstream 604.14 - H1_MW 0.8 - H2_MW 0.82 - H3_MW 0
2022-06-12 10:26:08.1664 INFO Reading PLC Data
2022-06-12 10:26:08.2391 INFO Upstream_Cal 632.7
2022-06-12 10:26:08.2491 INFO Upstream 633.34 - Downstream 604.14 - H1_MW 0.8 - H2_MW 0.82 - H3_MW 0
2022-06-12 10:26:08.2491 INFO Insert data {"ID":0,"Time":"10:26:08","Date":"2022-06-12T10:26:08.2511441+07:00","UpstreamWaterLevel_m":633.34,"DownstreamWaterLevel_m":604.14,"Qve_Ho":0.0,"Qoverflow":0.0,"QcmH1H2H3":6.72,"Qminflow":1.06,"Qve_Hadu":7.78,"Drain_Level1":0.05,"Qve_HoDB":0.0,"Reserve_Water":0.021,"Qminflow_TT":1.06,"H1_MW":0.8,"H2_MW":0.82,"H3_MW":0.0,"QcmH1":3.36,"QcmH2":3.36,"QcmH3":0.0,"DeltaQsb":0.0,"IsPushedToTNMT":null,"IsPushedToBitexco":null,"IsSync":null,"Minutes":"26","Qve_TT":-3932.47,"Qve_TB":-3932.47,"UpstreamWaterLevel_Cal":632.7}
2022-06-12 10:26:08.2663 INFO Inserted new measurement data in server!
2022-06-12 10:26:13.2362 INFO Upstream_Cal 632.7
2022-06-12 10:26:13.2362 INFO Upstream 633.34 - Downstream 604.15 - H1_MW 0.79 - H2_MW 0.82 - H3_MW 0
2022-06-12 10:26:18.3319 INFO Upstream_Cal 632.7
2022-06-12 10:26:18.3319 INFO Upstream 633.34 - Downstream 604.15 - H1_MW 0.78 - H2_MW 0.82 - H3_MW 0
2022-06-12 10:26:23.4275 INFO Upstream_Cal 632.7
2022-06-12 10:26:23.4395 INFO Upstream 633.34 - Downstream 604.14 - H1_MW 0.8 - H2_MW 0.82 - H3_MW 0
2022-06-12 10:26:28.5108 INFO Upstream_Cal 632.7
2022-06-12 10:26:28.5208 INFO Upstream 633.34 - Downstream 604.14 - H1_MW 0.79 - H2_MW 0.82 - H3_MW 0
2022-06-12 10:26:33.6045 INFO Upstream_Cal 632.7
2022-06-12 10:26:33.6175 INFO Upstream 633.33 - Downstream 604.15 - H1_MW 0.79 - H2_MW 0.82 - H3_MW 0
2022-06-12 10:26:38.7101 INFO Upstream_Cal 632.7
2022-06-12 10:26:38.7202 INFO Upstream 633.34 - Downstream 604.15 - H1_MW 0.8 - H2_MW 0.82 - H3_MW 0
2022-06-12 10:26:43.8133 INFO Upstream_Cal 632.7
2022-06-12 10:26:43.8133 INFO Upstream 633.34 - Downstream 604.15 - H1_MW 0.8 - H2_MW 0.82 - H3_MW 0
2022-06-12 10:26:48.9041 INFO Upstream_Cal 632.7
2022-06-12 10:26:48.9131 INFO Upstream 633.34 - Downstream 604.14 - H1_MW 0.8 - H2_MW 0.82 - H3_MW 0
2022-06-12 10:26:54.0094 INFO Upstream_Cal 632.7
2022-06-12 10:26:54.0183 INFO Upstream 633.34 - Downstream 604.15 - H1_MW 0.8 - H2_MW 0.82 - H3_MW 0
2022-06-12 10:26:59.1011 INFO Upstream_Cal 632.7
2022-06-12 10:26:59.1141 INFO Upstream 633.34 - Downstream 604.14 - H1_MW 0.8 - H2_MW 0.82 - H3_MW 0
2022-06-12 10:27:04.2146 INFO Upstream_Cal 632.7
2022-06-12 10:27:04.2278 INFO Upstream 633.34 - Downstream 604.14 - H1_MW 0.8 - H2_MW 0.82 - H3_MW 0
2022-06-12 10:27:08.2884 INFO Reading PLC Data
2022-06-12 10:27:08.3500 INFO Upstream_Cal 632.7
2022-06-12 10:27:08.3581 INFO Upstream 633.33 - Downstream 604.14 - H1_MW 0.79 - H2_MW 0.82 - H3_MW 0
2022-06-12 10:27:08.3581 INFO Insert data {"ID":0,"Time":"10:27:08","Date":"2022-06-12T10:27:08.3591533+07:00","UpstreamWaterLevel_m":633.33,"DownstreamWaterLevel_m":604.14,"Qve_Ho":0.0,"Qoverflow":0.0,"QcmH1H2H3":6.68,"Qminflow":1.06,"Qve_Hadu":7.74,"Drain_Level1":0.05,"Qve_HoDB":0.0,"Reserve_Water":0.021,"Qminflow_TT":1.06,"H1_MW":0.79,"H2_MW":0.82,"H3_MW":0.0,"QcmH1":3.32,"QcmH2":3.36,"QcmH3":0.0,"DeltaQsb":0.0,"IsPushedToTNMT":null,"IsPushedToBitexco":null,"IsSync":null,"Minutes":"27","Qve_TT":-3932.47,"Qve_TB":-3932.47,"UpstreamWaterLevel_Cal":632.7}
2022-06-12 10:27:08.3581 INFO Inserted new measurement data in server!
2022-06-12 10:27:09.3282 INFO Upstream_Cal 632.7
2022-06-12 10:27:09.3422 INFO Upstream 633.33 - Downstream 604.14 - H1_MW 0.79 - H2_MW 0.82 - H3_MW 0
2022-06-12 10:27:14.4272 INFO Upstream_Cal 632.7
2022-06-12 10:27:14.4382 INFO Upstream 633.34 - Downstream 604.14 - H1_MW 0.8 - H2_MW 0.82 - H3_MW 0
2022-06-12 10:27:19.5213 INFO Upstream_Cal 632.7
2022-06-12 10:27:19.5335 INFO Upstream 633.34 - Downstream 604.14 - H1_MW 0.81 - H2_MW 0.82 - H3_MW 0
2022-06-12 10:27:24.6216 INFO Upstream_Cal 632.7
2022-06-12 10:27:24.6336 INFO Upstream 633.34 - Downstream 604.14 - H1_MW 0.8 - H2_MW 0.82 - H3_MW 0
2022-06-12 10:27:29.7222 INFO Upstream_Cal 632.7
2022-06-12 10:27:29.7342 INFO Upstream 633.33 - Downstream 604.14 - H1_MW 0.8 - H2_MW 0.81 - H3_MW 0
2022-06-12 10:27:34.8291 INFO Upstream_Cal 632.7
2022-06-12 10:27:34.8291 INFO Upstream 633.34 - Downstream 604.15 - H1_MW 0.8 - H2_MW 0.82 - H3_MW 0
2022-06-12 10:27:39.9167 INFO Upstream_Cal 632.7
2022-06-12 10:27:39.9257 INFO Upstream 633.34 - Downstream 604.15 - H1_MW 0.79 - H2_MW 0.82 - H3_MW 0
2022-06-12 10:27:45.0131 INFO Upstream_Cal 632.7
2022-06-12 10:27:45.0211 INFO Upstream 633.33 - Downstream 604.15 - H1_MW 0.81 - H2_MW 0.82 - H3_MW 0
2022-06-12 10:27:50.0929 INFO Upstream_Cal 632.7
2022-06-12 10:27:50.0929 INFO Upstream 633.33 - Downstream 604.14 - H1_MW 0.8 - H2_MW 0.82 - H3_MW 0
2022-06-12 10:27:55.2003 INFO Upstream_Cal 632.7
2022-06-12 10:27:55.2113 INFO Upstream 633.34 - Downstream 604.14 - H1_MW 0.8 - H2_MW 0.82 - H3_MW 0
2022-06-12 10:28:00.2933 INFO Upstream_Cal 632.7
2022-06-12 10:28:00.3043 INFO Upstream 633.33 - Downstream 604.15 - H1_MW 0.8 - H2_MW 0.82 - H3_MW 0
2022-06-12 10:28:05.4174 INFO Upstream_Cal 632.7
2022-06-12 10:28:05.4254 INFO Upstream 633.33 - Downstream 604.14 - H1_MW 0.79 - H2_MW 0.82 - H3_MW 0
2022-06-12 10:28:08.3858 INFO Reading PLC Data
2022-06-12 10:28:08.4506 INFO Upstream_Cal 632.7
2022-06-12 10:28:08.4596 INFO Upstream 633.34 - Downstream 604.15 - H1_MW 0.8 - H2_MW 0.82 - H3_MW 0
2022-06-12 10:28:08.4596 INFO Insert data {"ID":0,"Time":"10:28:08","Date":"2022-06-12T10:28:08.4606672+07:00","UpstreamWaterLevel_m":633.34,"DownstreamWaterLevel_m":604.15,"Qve_Ho":0.0,"Qoverflow":0.0,"QcmH1H2H3":6.73,"Qminflow":1.06,"Qve_Hadu":7.79,"Drain_Level1":0.05,"Qve_HoDB":0.0,"Reserve_Water":0.021,"Qminflow_TT":1.06,"H1_MW":0.8,"H2_MW":0.82,"H3_MW":0.0,"QcmH1":3.36,"QcmH2":3.37,"QcmH3":0.0,"DeltaQsb":0.0,"IsPushedToTNMT":null,"IsPushedToBitexco":null,"IsSync":null,"Minutes":"28","Qve_TT":-3932.47,"Qve_TB":-3932.47,"UpstreamWaterLevel_Cal":632.7}
2022-06-12 10:28:08.4717 INFO Inserted new measurement data in server!
2022-06-12 10:28:10.5036 INFO Upstream_Cal 632.7
2022-06-12 10:28:10.5145 INFO Upstream 633.33 - Downstream 604.14 - H1_MW 0.8 - H2_MW 0.82 - H3_MW 0
2022-06-12 10:28:15.6124 INFO Upstream_Cal 632.7
2022-06-12 10:28:15.6124 INFO Upstream 633.34 - Downstream 604.14 - H1_MW 0.79 - H2_MW 0.82 - H3_MW 0
2022-06-12 10:28:20.7043 INFO Upstream_Cal 632.7
2022-06-12 10:28:20.7043 INFO Upstream 633.33 - Downstream 604.15 - H1_MW 0.79 - H2_MW 0.82 - H3_MW 0
2022-06-12 10:28:25.8175 INFO Upstream_Cal 632.7
2022-06-12 10:28:25.8275 INFO Upstream 633.34 - Downstream 604.14 - H1_MW 0.79 - H2_MW 0.82 - H3_MW 0
2022-06-12 10:28:30.9194 INFO Upstream_Cal 632.7
2022-06-12 10:28:30.9274 INFO Upstream 633.34 - Downstream 604.14 - H1_MW 0.79 - H2_MW 0.82 - H3_MW 0
2022-06-12 10:28:36.0296 INFO Upstream_Cal 632.7
2022-06-12 10:28:36.0296 INFO Upstream 633.34 - Downstream 604.15 - H1_MW 0.78 - H2_MW 0.82 - H3_MW 0
2022-06-12 10:28:41.1199 INFO Upstream_Cal 632.7
2022-06-12 10:28:41.1289 INFO Upstream 633.34 - Downstream 604.15 - H1_MW 0.8 - H2_MW 0.82 - H3_MW 0
2022-06-12 10:28:46.2210 INFO Upstream_Cal 632.7
2022-06-12 10:28:46.2210 INFO Upstream 633.34 - Downstream 604.14 - H1_MW 0.79 - H2_MW 0.82 - H3_MW 0
2022-06-12 10:28:51.3210 INFO Upstream_Cal 632.7
2022-06-12 10:28:51.3299 INFO Upstream 633.34 - Downstream 604.15 - H1_MW 0.79 - H2_MW 0.82 - H3_MW 0
2022-06-12 10:28:56.4240 INFO Upstream_Cal 632.7
2022-06-12 10:28:56.4240 INFO Upstream 633.34 - Downstream 604.14 - H1_MW 0.8 - H2_MW 0.82 - H3_MW 0
2022-06-12 10:29:01.5140 INFO Upstream_Cal 632.7
2022-06-12 10:29:01.5140 INFO Upstream 633.34 - Downstream 604.14 - H1_MW 0.8 - H2_MW 0.82 - H3_MW 0
2022-06-12 10:29:06.6185 INFO Upstream_Cal 632.7
2022-06-12 10:29:06.6395 INFO Upstream 633.34 - Downstream 604.14 - H1_MW 0.79 - H2_MW 0.82 - H3_MW 0
2022-06-12 10:29:08.4830 INFO Reading PLC Data
2022-06-12 10:29:08.5439 INFO Upstream_Cal 632.7
2022-06-12 10:29:08.5551 INFO Upstream 633.34 - Downstream 604.14 - H1_MW 0.79 - H2_MW 0.82 - H3_MW 0
2022-06-12 10:29:08.5551 INFO Insert data {"ID":0,"Time":"10:29:08","Date":"2022-06-12T10:29:08.555115+07:00","UpstreamWaterLevel_m":633.34,"DownstreamWaterLevel_m":604.14,"Qve_Ho":0.0,"Qoverflow":0.0,"QcmH1H2H3":6.68,"Qminflow":1.06,"Qve_Hadu":7.74,"Drain_Level1":0.05,"Qve_HoDB":0.0,"Reserve_Water":0.021,"Qminflow_TT":1.06,"H1_MW":0.79,"H2_MW":0.82,"H3_MW":0.0,"QcmH1":3.32,"QcmH2":3.36,"QcmH3":0.0,"DeltaQsb":0.0,"IsPushedToTNMT":null,"IsPushedToBitexco":null,"IsSync":null,"Minutes":"29","Qve_TT":-3932.47,"Qve_TB":-3932.47,"UpstreamWaterLevel_Cal":632.7}
2022-06-12 10:29:08.5651 INFO Inserted new measurement data in server!
2022-06-12 10:29:11.7258 INFO Upstream_Cal 632.7
2022-06-12 10:29:11.7368 INFO Upstream 633.34 - Downstream 604.14 - H1_MW 0.78 - H2_MW 0.82 - H3_MW 0
2022-06-12 10:29:16.8282 INFO Upstream_Cal 632.7
2022-06-12 10:29:16.8282 INFO Upstream 633.34 - Downstream 604.14 - H1_MW 0.8 - H2_MW 0.82 - H3_MW 0
2022-06-12 10:29:21.9272 INFO Upstream_Cal 632.7
2022-06-12 10:29:21.9382 INFO Upstream 633.34 - Downstream 604.15 - H1_MW 0.8 - H2_MW 0.82 - H3_MW 0
2022-06-12 10:29:27.0355 INFO Upstream_Cal 632.7
2022-06-12 10:29:27.0455 INFO Upstream 633.34 - Downstream 604.15 - H1_MW 0.8 - H2_MW 0.82 - H3_MW 0
2022-06-12 10:29:32.1332 INFO Upstream_Cal 632.7
2022-06-12 10:29:32.1431 INFO Upstream 633.34 - Downstream 604.14 - H1_MW 0.8 - H2_MW 0.81 - H3_MW 0
2022-06-12 10:29:37.2416 INFO Upstream_Cal 632.7
2022-06-12 10:29:37.2516 INFO Upstream 633.34 - Downstream 604.14 - H1_MW 0.79 - H2_MW 0.81 - H3_MW 0
2022-06-12 10:29:42.3287 INFO Upstream_Cal 632.7
2022-06-12 10:29:42.3287 INFO Upstream 633.34 - Downstream 604.15 - H1_MW 0.8 - H2_MW 0.82 - H3_MW 0
2022-06-12 10:29:47.4269 INFO Upstream_Cal 632.7
2022-06-12 10:29:47.4379 INFO Upstream 633.34 - Downstream 604.14 - H1_MW 0.8 - H2_MW 0.82 - H3_MW 0
2022-06-12 10:29:52.5172 INFO Upstream_Cal 632.7
2022-06-12 10:29:52.5172 INFO Upstream 633.34 - Downstream 604.13 - H1_MW 0.8 - H2_MW 0.82 - H3_MW 0
2022-06-12 10:29:57.6096 INFO Upstream_Cal 632.7
2022-06-12 10:29:57.6096 INFO Upstream 633.34 - Downstream 604.14 - H1_MW 0.79 - H2_MW 0.82 - H3_MW 0
2022-06-12 10:30:02.7031 INFO Upstream_Cal 632.71
2022-06-12 10:30:02.7031 INFO Upstream 633.35 - Downstream 604.14 - H1_MW 0.8 - H2_MW 0.82 - H3_MW 0
2022-06-12 10:30:07.8146 INFO Upstream_Cal 632.7
2022-06-12 10:30:07.8146 INFO Upstream 633.34 - Downstream 604.14 - H1_MW 0.8 - H2_MW 0.82 - H3_MW 0
2022-06-12 10:30:08.5786 INFO Reading PLC Data
2022-06-12 10:30:08.5786 INFO Current Minute: 30. ReadAndCalculateData_15m
2022-06-12 10:30:08.6430 INFO Qve_TB  8.56
2022-06-12 10:30:08.6430 INFO Qve_HoDB = Qve_TB
2022-06-12 10:30:08.6430 INFO Insert data {"ID":0,"Time":"10:30:08","Date":"2022-06-12T10:30:08.6440472+07:00","UpstreamWaterLevel_m":633.34,"DownstreamWaterLevel_m":604.13,"Qve_Ho":8.56,"Qoverflow":0.0,"QcmH1H2H3":6.72,"Qminflow":1.06,"Qve_Hadu":7.78,"Drain_Level1":0.05,"Qve_HoDB":8.56,"Reserve_Water":0.021,"Qminflow_TT":1.06,"H1_MW":0.8,"H2_MW":0.82,"H3_MW":0.0,"QcmH1":3.36,"QcmH2":3.36,"QcmH3":0.0,"DeltaQsb":0.78,"IsPushedToTNMT":null,"IsPushedToBitexco":null,"IsSync":null,"Minutes":"30","Qve_TT":8.56,"Qve_TB":8.56,"UpstreamWaterLevel_Cal":632.7}
2022-06-12 10:30:08.6662 INFO Inserted new measurement data in server!
2022-06-12 10:30:12.9106 INFO Upstream_Cal 632.71
2022-06-12 10:30:12.9206 INFO Upstream 633.35 - Downstream 604.15 - H1_MW 0.79 - H2_MW 0.82 - H3_MW 0
2022-06-12 10:30:18.0233 INFO Upstream_Cal 632.71
2022-06-12 10:30:18.0344 INFO Upstream 633.35 - Downstream 604.14 - H1_MW 0.8 - H2_MW 0.81 - H3_MW 0
2022-06-12 10:30:23.1142 INFO Upstream_Cal 632.71
2022-06-12 10:30:23.1252 INFO Upstream 633.35 - Downstream 604.15 - H1_MW 0.8 - H2_MW 0.82 - H3_MW 0
2022-06-12 10:30:28.2211 INFO Upstream_Cal 632.71
2022-06-12 10:30:28.2331 INFO Upstream 633.35 - Downstream 604.15 - H1_MW 0.8 - H2_MW 0.82 - H3_MW 0
2022-06-12 10:30:33.3229 INFO Upstream_Cal 632.71
2022-06-12 10:30:33.3329 INFO Upstream 633.35 - Downstream 604.15 - H1_MW 0.79 - H2_MW 0.82 - H3_MW 0
2022-06-12 10:30:38.4246 INFO Upstream_Cal 632.71
2022-06-12 10:30:38.4246 INFO Upstream 633.35 - Downstream 604.14 - H1_MW 0.79 - H2_MW 0.82 - H3_MW 0
2022-06-12 10:30:43.5128 INFO Upstream_Cal 632.71
2022-06-12 10:30:43.5208 INFO Upstream 633.35 - Downstream 604.14 - H1_MW 0.8 - H2_MW 0.82 - H3_MW 0
2022-06-12 10:30:48.6044 INFO Upstream_Cal 632.71
2022-06-12 10:30:48.6174 INFO Upstream 633.35 - Downstream 604.14 - H1_MW 0.8 - H2_MW 0.82 - H3_MW 0
2022-06-12 10:30:53.7092 INFO Upstream_Cal 632.71
2022-06-12 10:30:53.7192 INFO Upstream 633.35 - Downstream 604.14 - H1_MW 0.8 - H2_MW 0.82 - H3_MW 0
2022-06-12 10:30:58.8164 INFO Upstream_Cal 632.71
2022-06-12 10:30:58.8164 INFO Upstream 633.35 - Downstream 604.15 - H1_MW 0.8 - H2_MW 0.81 - H3_MW 0
2022-06-12 10:31:03.9048 INFO Upstream_Cal 632.71
2022-06-12 10:31:03.9048 INFO Upstream 633.35 - Downstream 604.14 - H1_MW 0.8 - H2_MW 0.81 - H3_MW 0
2022-06-12 10:31:08.6809 INFO Reading PLC Data
2022-06-12 10:31:08.7445 INFO Upstream_Cal 632.71
2022-06-12 10:31:08.7545 INFO Upstream 633.35 - Downstream 604.14 - H1_MW 0.8 - H2_MW 0.82 - H3_MW 0
2022-06-12 10:31:08.7545 INFO Insert data {"ID":0,"Time":"10:31:08","Date":"2022-06-12T10:31:08.7555485+07:00","UpstreamWaterLevel_m":633.35,"DownstreamWaterLevel_m":604.14,"Qve_Ho":8.56,"Qoverflow":0.0,"QcmH1H2H3":6.72,"Qminflow":1.06,"Qve_Hadu":7.78,"Drain_Level1":0.05,"Qve_HoDB":8.56,"Reserve_Water":0.021,"Qminflow_TT":1.06,"H1_MW":0.8,"H2_MW":0.82,"H3_MW":0.0,"QcmH1":3.36,"QcmH2":3.36,"QcmH3":0.0,"DeltaQsb":0.0,"IsPushedToTNMT":null,"IsPushedToBitexco":null,"IsSync":null,"Minutes":"31","Qve_TT":8.56,"Qve_TB":8.56,"UpstreamWaterLevel_Cal":632.71}
2022-06-12 10:31:08.7675 INFO Inserted new measurement data in server!
2022-06-12 10:31:09.0008 INFO Upstream_Cal 632.71
2022-06-12 10:31:09.0008 INFO Upstream 633.35 - Downstream 604.14 - H1_MW 0.8 - H2_MW 0.82 - H3_MW 0
2022-06-12 10:31:14.0916 INFO Upstream_Cal 632.71
2022-06-12 10:31:14.1066 INFO Upstream 633.35 - Downstream 604.14 - H1_MW 0.8 - H2_MW 0.81 - H3_MW 0
2022-06-12 10:31:19.1862 INFO Upstream_Cal 632.71
2022-06-12 10:31:19.2046 INFO Upstream 633.35 - Downstream 604.14 - H1_MW 0.8 - H2_MW 0.81 - H3_MW 0
2022-06-12 10:31:24.2900 INFO Upstream_Cal 632.71
2022-06-12 10:31:24.3010 INFO Upstream 633.35 - Downstream 604.14 - H1_MW 0.8 - H2_MW 0.81 - H3_MW 0
2022-06-12 10:31:29.3885 INFO Upstream_Cal 632.71
2022-06-12 10:31:29.4037 INFO Upstream 633.35 - Downstream 604.15 - H1_MW 0.79 - H2_MW 0.82 - H3_MW 0
2022-06-12 10:31:34.4867 INFO Upstream_Cal 632.7
2022-06-12 10:31:34.4867 INFO Upstream 633.34 - Downstream 604.15 - H1_MW 0.79 - H2_MW 0.82 - H3_MW 0
2022-06-12 10:31:39.5775 INFO Upstream_Cal 632.71
2022-06-12 10:31:39.5955 INFO Upstream 633.35 - Downstream 604.14 - H1_MW 0.79 - H2_MW 0.82 - H3_MW 0
2022-06-12 10:31:44.6781 INFO Upstream_Cal 632.71
2022-06-12 10:31:44.6891 INFO Upstream 633.35 - Downstream 604.14 - H1_MW 0.8 - H2_MW 0.82 - H3_MW 0
2022-06-12 10:31:49.7996 INFO Upstream_Cal 632.71
2022-06-12 10:31:49.8256 INFO Upstream 633.35 - Downstream 604.15 - H1_MW 0.8 - H2_MW 0.82 - H3_MW 0
2022-06-12 10:31:54.9146 INFO Upstream_Cal 632.71
2022-06-12 10:31:54.9257 INFO Upstream 633.35 - Downstream 604.14 - H1_MW 0.8 - H2_MW 0.82 - H3_MW 0
2022-06-12 10:32:00.0089 INFO Upstream_Cal 632.71
2022-06-12 10:32:00.0209 INFO Upstream 633.35 - Downstream 604.14 - H1_MW 0.8 - H2_MW 0.82 - H3_MW 0
2022-06-12 10:32:05.1033 INFO Upstream_Cal 632.71
2022-06-12 10:32:05.1134 INFO Upstream 633.35 - Downstream 604.14 - H1_MW 0.8 - H2_MW 0.82 - H3_MW 0
2022-06-12 10:32:08.7821 INFO Reading PLC Data
2022-06-12 10:32:08.8448 INFO Upstream_Cal 632.71
2022-06-12 10:32:08.8448 INFO Upstream 633.35 - Downstream 604.15 - H1_MW 0.8 - H2_MW 0.82 - H3_MW 0
2022-06-12 10:32:08.8448 INFO Insert data {"ID":0,"Time":"10:32:08","Date":"2022-06-12T10:32:08.8551102+07:00","UpstreamWaterLevel_m":633.35,"DownstreamWaterLevel_m":604.15,"Qve_Ho":8.56,"Qoverflow":0.0,"QcmH1H2H3":6.72,"Qminflow":1.06,"Qve_Hadu":7.78,"Drain_Level1":0.05,"Qve_HoDB":8.56,"Reserve_Water":0.021,"Qminflow_TT":1.06,"H1_MW":0.8,"H2_MW":0.82,"H3_MW":0.0,"QcmH1":3.36,"QcmH2":3.36,"QcmH3":0.0,"DeltaQsb":0.0,"IsPushedToTNMT":null,"IsPushedToBitexco":null,"IsSync":null,"Minutes":"32","Qve_TT":8.56,"Qve_TB":8.56,"UpstreamWaterLevel_Cal":632.71}
2022-06-12 10:32:08.8641 INFO Inserted new measurement data in server!
2022-06-12 10:32:10.2029 INFO Upstream_Cal 632.71
2022-06-12 10:32:10.2239 INFO Upstream 633.35 - Downstream 604.14 - H1_MW 0.8 - H2_MW 0.82 - H3_MW 0
2022-06-12 10:32:15.3071 INFO Upstream_Cal 632.71
2022-06-12 10:32:15.3171 INFO Upstream 633.35 - Downstream 604.15 - H1_MW 0.8 - H2_MW 0.81 - H3_MW 0
2022-06-12 10:32:20.4130 INFO Upstream_Cal 632.71
2022-06-12 10:32:20.4230 INFO Upstream 633.35 - Downstream 604.14 - H1_MW 0.78 - H2_MW 0.82 - H3_MW 0
2022-06-12 10:32:25.5001 INFO Upstream_Cal 632.71
2022-06-12 10:32:25.5001 INFO Upstream 633.35 - Downstream 604.14 - H1_MW 0.8 - H2_MW 0.81 - H3_MW 0
2022-06-12 10:32:30.6053 INFO Upstream_Cal 632.71
2022-06-12 10:32:30.6154 INFO Upstream 633.35 - Downstream 604.14 - H1_MW 0.79 - H2_MW 0.82 - H3_MW 0
2022-06-12 10:32:35.6995 INFO Upstream_Cal 632.71
2022-06-12 10:32:35.7095 INFO Upstream 633.35 - Downstream 604.14 - H1_MW 0.78 - H2_MW 0.82 - H3_MW 0
2022-06-12 10:32:40.8019 INFO Upstream_Cal 632.71
2022-06-12 10:32:40.8149 INFO Upstream 633.35 - Downstream 604.14 - H1_MW 0.79 - H2_MW 0.81 - H3_MW 0
2022-06-12 10:32:45.9017 INFO Upstream_Cal 632.71
2022-06-12 10:32:45.9118 INFO Upstream 633.35 - Downstream 604.14 - H1_MW 0.79 - H2_MW 0.82 - H3_MW 0
2022-06-12 10:32:50.9922 INFO Upstream_Cal 632.71
2022-06-12 10:32:51.0062 INFO Upstream 633.35 - Downstream 604.15 - H1_MW 0.79 - H2_MW 0.82 - H3_MW 0
2022-06-12 10:32:56.0881 INFO Upstream_Cal 632.71
2022-06-12 10:32:56.0991 INFO Upstream 633.35 - Downstream 604.14 - H1_MW 0.79 - H2_MW 0.81 - H3_MW 0
2022-06-12 10:33:01.1735 INFO Upstream_Cal 632.71
2022-06-12 10:33:01.1926 INFO Upstream 633.35 - Downstream 604.14 - H1_MW 0.8 - H2_MW 0.81 - H3_MW 0
2022-06-12 10:33:06.2772 INFO Upstream_Cal 632.71
2022-06-12 10:33:06.2863 INFO Upstream 633.35 - Downstream 604.14 - H1_MW 0.8 - H2_MW 0.81 - H3_MW 0
2022-06-12 10:33:08.8685 INFO Reading PLC Data
2022-06-12 10:33:08.9338 INFO Upstream_Cal 632.71
2022-06-12 10:33:08.9448 INFO Upstream 633.35 - Downstream 604.14 - H1_MW 0.8 - H2_MW 0.81 - H3_MW 0
2022-06-12 10:33:08.9448 INFO Insert data {"ID":0,"Time":"10:33:08","Date":"2022-06-12T10:33:08.9458694+07:00","UpstreamWaterLevel_m":633.35,"DownstreamWaterLevel_m":604.14,"Qve_Ho":8.56,"Qoverflow":0.0,"QcmH1H2H3":6.68,"Qminflow":1.06,"Qve_Hadu":7.74,"Drain_Level1":0.05,"Qve_HoDB":8.56,"Reserve_Water":0.021,"Qminflow_TT":1.06,"H1_MW":0.8,"H2_MW":0.81,"H3_MW":0.0,"QcmH1":3.36,"QcmH2":3.32,"QcmH3":0.0,"DeltaQsb":0.0,"IsPushedToTNMT":null,"IsPushedToBitexco":null,"IsSync":null,"Minutes":"33","Qve_TT":8.56,"Qve_TB":8.56,"UpstreamWaterLevel_Cal":632.71}
2022-06-12 10:33:08.9580 INFO Inserted new measurement data in server!
2022-06-12 10:33:11.4057 INFO Upstream_Cal 632.71
2022-06-12 10:33:11.4057 INFO Upstream 633.35 - Downstream 604.15 - H1_MW 0.8 - H2_MW 0.81 - H3_MW 0
