2020-10-27 00:18:21.0266 ERROR The underlying provider failed on Open. 
    at System.Data.Entity.Core.EntityClient.EntityConnection.Open()
   at System.Data.Entity.Core.Objects.ObjectContext.EnsureConnection(Boolean shouldMonitorTransactions)
   at System.Data.Entity.Core.Objects.ObjectContext.ExecuteInTransaction[T](Func`1 func, IDbExecutionStrategy executionStrategy, Boolean startLocalTransaction, Boolean releaseConnectionOnSuccess)
   at System.Data.Entity.Core.Objects.ObjectQuery`1.<>c__DisplayClass41_0.<GetResults>b__0()
   at System.Data.Entity.SqlServer.DefaultSqlExecutionStrategy.Execute[TResult](Func`1 operation)
   at System.Data.Entity.Core.Objects.ObjectQuery`1.GetResults(Nullable`1 forMergeOption)
   at System.Data.Entity.Core.Objects.ObjectQuery`1.<System.Collections.Generic.IEnumerable<T>.GetEnumerator>b__31_0()
   at System.Data.Entity.Internal.LazyEnumerator`1.MoveNext()
   at System.Linq.Enumerable.Single[TSource](IEnumerable`1 source)
   at System.Data.Entity.Core.Objects.ELinq.ObjectQueryProvider.<>c__14`1.<GetElementFunction>b__14_3(IEnumerable`1 sequence)
   at System.Data.Entity.Core.Objects.ELinq.ObjectQueryProvider.ExecuteSingle[TResult](IEnumerable`1 query, Expression queryRoot)
   at System.Data.Entity.Core.Objects.ELinq.ObjectQueryProvider.System.Linq.IQueryProvider.Execute[TResult](Expression expression)
   at System.Data.Entity.Internal.Linq.DbQueryProvider.Execute[TResult](Expression expression)
   at System.Linq.Queryable.Count[TSource](IQueryable`1 source)
   at IndusG.Service.DataService.LoadData(DataTableQueryModel queryModel, String from, String to) in D:\PROJECTS\IndusG\IndusG.Service\DataService.cs:line 51
   at IndusG.Web.Controllers.DataController.Load(String fromDate, String toDate) in D:\PROJECTS\IndusG\IndusG.Web\Controllers\DataController.cs:line 25
2020-10-27 00:18:21.1744 ERROR The underlying provider failed on Open. 
    at System.Data.Entity.Core.EntityClient.EntityConnection.Open()
   at System.Data.Entity.Core.Objects.ObjectContext.EnsureConnection(Boolean shouldMonitorTransactions)
   at System.Data.Entity.Core.Objects.ObjectContext.ExecuteInTransaction[T](Func`1 func, IDbExecutionStrategy executionStrategy, Boolean startLocalTransaction, Boolean releaseConnectionOnSuccess)
   at System.Data.Entity.Core.Objects.ObjectQuery`1.<>c__DisplayClass41_0.<GetResults>b__0()
   at System.Data.Entity.SqlServer.DefaultSqlExecutionStrategy.Execute[TResult](Func`1 operation)
   at System.Data.Entity.Core.Objects.ObjectQuery`1.GetResults(Nullable`1 forMergeOption)
   at System.Data.Entity.Core.Objects.ObjectQuery`1.<System.Collections.Generic.IEnumerable<T>.GetEnumerator>b__31_0()
   at System.Data.Entity.Internal.LazyEnumerator`1.MoveNext()
   at System.Linq.Enumerable.Single[TSource](IEnumerable`1 source)
   at System.Data.Entity.Core.Objects.ELinq.ObjectQueryProvider.<>c__14`1.<GetElementFunction>b__14_3(IEnumerable`1 sequence)
   at System.Data.Entity.Core.Objects.ELinq.ObjectQueryProvider.ExecuteSingle[TResult](IEnumerable`1 query, Expression queryRoot)
   at System.Data.Entity.Core.Objects.ELinq.ObjectQueryProvider.System.Linq.IQueryProvider.Execute[TResult](Expression expression)
   at System.Data.Entity.Internal.Linq.DbQueryProvider.Execute[TResult](Expression expression)
   at System.Linq.Queryable.Count[TSource](IQueryable`1 source)
   at IndusG.Service.DataService.LoadData(DataTableQueryModel queryModel, String from, String to) in D:\PROJECTS\IndusG\IndusG.Service\DataService.cs:line 51
   at IndusG.Web.Controllers.DataController.Load(String fromDate, String toDate) in D:\PROJECTS\IndusG\IndusG.Web\Controllers\DataController.cs:line 25
2020-10-27 00:30:47.1587 ERROR Value cannot be null.
Parameter name: source 
    at System.Linq.Enumerable.FirstOrDefault[TSource](IEnumerable`1 source)
   at IndusG.Service.DataTableHelper.GetQueryModel() in D:\PROJECTS\IndusG\IndusG.Service\Helpers\DataTableHelper.cs:line 17
   at IndusG.Web.Controllers.DataController.Load(String fromDate, String toDate) in D:\PROJECTS\IndusG\IndusG.Web\Controllers\DataController.cs:line 24
2020-10-27 00:32:15.0071 ERROR Value cannot be null.
Parameter name: source 
    at System.Linq.Enumerable.FirstOrDefault[TSource](IEnumerable`1 source)
   at IndusG.Service.DataTableHelper.GetQueryModel() in D:\PROJECTS\IndusG\IndusG.Service\Helpers\DataTableHelper.cs:line 17
   at IndusG.Web.Controllers.DataController.Load(String fromDate, String toDate) in D:\PROJECTS\IndusG\IndusG.Web\Controllers\DataController.cs:line 24
2020-10-27 00:34:24.1651 ERROR source is not IEnumerable<> 
    at System.Linq.Queryable.AsQueryable(IEnumerable source)
   at System.Linq.Dynamic.DynamicQueryable.Any(IEnumerable source)
   at IndusG.Service.DataTableHelper.GetQueryModel() in D:\PROJECTS\IndusG\IndusG.Service\Helpers\DataTableHelper.cs:line 18
   at IndusG.Web.Controllers.DataController.Load(String fromDate, String toDate) in D:\PROJECTS\IndusG\IndusG.Web\Controllers\DataController.cs:line 24
2020-10-27 00:44:06.1028 ERROR Limit must have a non-negative value.
Parameter name: count 
    at System.Data.Entity.Core.Common.CommandTrees.ExpressionBuilder.DbExpressionBuilder.Limit(DbExpression argument, DbExpression count)
   at System.Data.Entity.Core.Objects.ELinq.ExpressionConverter.OrderByLifter.SkipLifter.Limit(DbExpression k)
   at System.Data.Entity.Core.Objects.ELinq.ExpressionConverter.MethodCallTranslator.TakeTranslator.TranslatePagingOperator(ExpressionConverter parent, DbExpression operand, DbExpression count)
   at System.Data.Entity.Core.Objects.ELinq.ExpressionConverter.MethodCallTranslator.PagingTranslator.TranslateUnary(ExpressionConverter parent, DbExpression operand, MethodCallExpression call)
   at System.Data.Entity.Core.Objects.ELinq.ExpressionConverter.MethodCallTranslator.UnarySequenceMethodTranslator.Translate(ExpressionConverter parent, MethodCallExpression call)
   at System.Data.Entity.Core.Objects.ELinq.ExpressionConverter.MethodCallTranslator.SequenceMethodTranslator.Translate(ExpressionConverter parent, MethodCallExpression call, SequenceMethod sequenceMethod)
   at System.Data.Entity.Core.Objects.ELinq.ExpressionConverter.MethodCallTranslator.TypedTranslate(ExpressionConverter parent, MethodCallExpression linq)
   at System.Data.Entity.Core.Objects.ELinq.ExpressionConverter.TypedTranslator`1.Translate(ExpressionConverter parent, Expression linq)
   at System.Data.Entity.Core.Objects.ELinq.ExpressionConverter.TranslateExpression(Expression linq)
   at System.Data.Entity.Core.Objects.ELinq.ExpressionConverter.MethodCallTranslator.OneLambdaTranslator.Translate(ExpressionConverter parent, MethodCallExpression call, DbExpression& source, DbExpressionBinding& sourceBinding, DbExpression& lambda)
   at System.Data.Entity.Core.Objects.ELinq.ExpressionConverter.MethodCallTranslator.SelectTranslator.Translate(ExpressionConverter parent, MethodCallExpression call)
   at System.Data.Entity.Core.Objects.ELinq.ExpressionConverter.MethodCallTranslator.SequenceMethodTranslator.Translate(ExpressionConverter parent, MethodCallExpression call, SequenceMethod sequenceMethod)
   at System.Data.Entity.Core.Objects.ELinq.ExpressionConverter.MethodCallTranslator.TypedTranslate(ExpressionConverter parent, MethodCallExpression linq)
   at System.Data.Entity.Core.Objects.ELinq.ExpressionConverter.TypedTranslator`1.Translate(ExpressionConverter parent, Expression linq)
   at System.Data.Entity.Core.Objects.ELinq.ExpressionConverter.TranslateExpression(Expression linq)
   at System.Data.Entity.Core.Objects.ELinq.ExpressionConverter.Convert()
   at System.Data.Entity.Core.Objects.ELinq.ELinqQueryState.GetExecutionPlan(Nullable`1 forMergeOption)
   at System.Data.Entity.Core.Objects.ObjectQuery`1.<>c__DisplayClass41_0.<GetResults>b__1()
   at System.Data.Entity.Core.Objects.ObjectContext.ExecuteInTransaction[T](Func`1 func, IDbExecutionStrategy executionStrategy, Boolean startLocalTransaction, Boolean releaseConnectionOnSuccess)
   at System.Data.Entity.Core.Objects.ObjectQuery`1.<>c__DisplayClass41_0.<GetResults>b__0()
   at System.Data.Entity.SqlServer.DefaultSqlExecutionStrategy.Execute[TResult](Func`1 operation)
   at System.Data.Entity.Core.Objects.ObjectQuery`1.GetResults(Nullable`1 forMergeOption)
   at System.Data.Entity.Core.Objects.ObjectQuery`1.<System.Collections.Generic.IEnumerable<T>.GetEnumerator>b__31_0()
   at System.Data.Entity.Internal.LazyEnumerator`1.MoveNext()
   at System.Collections.Generic.List`1..ctor(IEnumerable`1 collection)
   at System.Linq.Enumerable.ToList[TSource](IEnumerable`1 source)
   at IndusG.Service.DataService.LoadData(DataTableQueryModel queryModel, String from, String to) in D:\PROJECTS\IndusG\IndusG.Service\DataService.cs:line 55
   at IndusG.Web.Controllers.DataController.Load(String fromDate, String toDate) in D:\PROJECTS\IndusG\IndusG.Web\Controllers\DataController.cs:line 25
